#
# A fatal error has been detected by the Java Runtime Environment:
#
#  EXCEPTION_ACCESS_VIOLATION (0xc0000005) at pc=0x00000001800044cb, pid=14704, tid=11772
#
# JRE version: Java(TM) SE Runtime Environment 18.9 (11.0.10+8) (build 11.0.10+8-LTS-162)
# Java VM: Java HotSpot(TM) 64-Bit Server VM 18.9 (11.0.10+8-LTS-162, mixed mode, tiered, compressed oops, g1 gc, windows-amd64)
# Problematic frame:
# C  [rxtxSerial.dll+0x44cb]
#
# No core dump will be written. Minidumps are not enabled by default on client versions of Windows
#
# If you would like to submit a bug report, please visit:
#   https://bugreport.java.com/bugreport/crash.jsp
# The crash happened outside the Java Virtual Machine in native code.
# See problematic frame for where to report the bug.
#

---------------  S U M M A R Y ------------

Command Line: MultiWiiConf

Host: Intel(R) Core(TM) i7-10510U CPU @ 1.80GHz, 8 cores, 15G,  Windows 10 , 64 bit Build 19041 (10.0.19041.804)
Time: Tue Apr  6 12:07:56 2021 Romance Daylight Time elapsed time: 180.829124 seconds (0d 0h 3m 0s)

---------------  T H R E A D  ---------------

Current thread (0x000001ebb5a9c800):  JavaThread "Animation Thread" [_thread_in_native, id=11772, stack(0x0000006566600000,0x0000006566700000)]

Stack: [0x0000006566600000,0x0000006566700000],  sp=0x00000065666fe420,  free space=1017k
Native frames: (J=compiled Java code, j=interpreted, Vv=VM code, C=native code)
C  [rxtxSerial.dll+0x44cb]

Java frames: (J=compiled Java code, j=interpreted, Vv=VM code)
j  gnu.io.RXTXPort.nativeDrain(Z)Z+0
j  gnu.io.RXTXPort$SerialOutputStream.flush()V+92
j  processing.serial.Serial.write([B)V+12
j  MultiWiiConf.sendRequestMSP(Ljava/util/List;)V+60
j  MultiWiiConf.draw()V+934
J 2006 c1 processing.core.PApplet.handleDraw()V (239 bytes) @ 0x000001eb9906e254 [0x000001eb9906dae0+0x0000000000000774]
j  processing.core.PApplet.run()V+72
j  java.lang.Thread.run()V+11 java.base@11.0.10
v  ~StubRoutines::call_stub

siginfo: EXCEPTION_ACCESS_VIOLATION (0xc0000005), reading address 0x0000000066eff1fc


Register to memory mapping:

RIP=0x00000001800044cb rxtxSerial.dll
RAX=0x000000000000001c is an unknown value
RBX=0x0000000000000001 is an unknown value
RCX=0x00000065666fe7fc is pointing into the stack for thread: 0x000001ebb5a9c800
RDX=0x0 is NULL
RSP=0x00000065666fe420 is pointing into the stack for thread: 0x000001ebb5a9c800
RBP=0x0000000000000001 is an unknown value
RSI=0x0 is NULL
RDI=0x000001ebb5a9cb48 points into unknown readable memory: 00 7d 84 7b fc 7f 00 00
R8 =0x00000065666fe0e0 is pointing into the stack for thread: 0x000001ebb5a9c800
R9 =0x0000000180000000 rxtxSerial.dll
R10=0x0 is NULL
R11=0x0000000000000200 is an unknown value
R12=0x0000000066eff1f0 is an unknown value
R13=0x0 is NULL
R14=0x00000065666fe910 is pointing into the stack for thread: 0x000001ebb5a9c800
R15=0x000001ebb5a9c800 is a thread


Registers:
RAX=0x000000000000001c, RBX=0x0000000000000001, RCX=0x00000065666fe7fc, RDX=0x0000000000000000
RSP=0x00000065666fe420, RBP=0x0000000000000001, RSI=0x0000000000000000, RDI=0x000001ebb5a9cb48
R8 =0x00000065666fe0e0, R9 =0x0000000180000000, R10=0x0000000000000000, R11=0x0000000000000200
R12=0x0000000066eff1f0, R13=0x0000000000000000, R14=0x00000065666fe910, R15=0x000001ebb5a9c800
RIP=0x00000001800044cb, EFLAGS=0x0000000000010206

Top of Stack: (sp=0x00000065666fe420)
0x00000065666fe420:   000001ebb7d53f40 000000018001c4c0
0x00000065666fe430:   0000000000000000 0000000000000001
0x00000065666fe440:   000001ebb46b3eb0 00000065666fe840
0x00000065666fe450:   00000065666fe910 0000000711b0d548
0x00000065666fe460:   000001eb902d7220 00007ffc7b514347
0x00000065666fe470:   00000065666fe4c0 00000065666fe4d0
0x00000065666fe480:   0000000000000000 000001eb98786b00
0x00000065666fe490:   000001ebb5a9c800 00007ffc7b5146da
0x00000065666fe4a0:   0000000000000000 000001eb902d7220
0x00000065666fe4b0:   000001ebb46b3ee0 0000000711b0d548
0x00000065666fe4c0:   000001eb902d7220 00007ffc7b513f0a
0x00000065666fe4d0:   00000065666fe540 0000000000000004
0x00000065666fe4e0:   00000000b3b80000 000001ebb3b8b428
0x00000065666fe4f0:   000001ebb5a9c800 00007ffc7b1dfd5a
0x00000065666fe500:   000001ebb7d53f40 000001ebb5a9c800
0x00000065666fe510:   000001ebb62d0000 00007ffcce9947b1 

Instructions: (pc=0x00000001800044cb)
0x00000001800044ab:   1f 48 8b d3 48 8b cf 41 ff 93 b8 00 00 00 45 84
0x00000001800044bb:   ed 0f 85 b7 00 00 00 4d 85 e4 0f 84 ae 00 00 00
0x00000001800044cb:   41 83 7c 24 0c 00 0f 84 a2 00 00 00 48 8d 4c 24
0x00000001800044db:   38 49 8b d4 41 b8 40 03 00 00 e8 06 64 00 00 4c 


Stack slot to memory mapping:
stack at sp + 0 slots: {method} {0x000001ebb7d53f48} 'nativeDrain' '(Z)Z' in 'gnu/io/RXTXPort'
stack at sp + 1 slots: 0x000000018001c4c0 rxtxSerial.dll
stack at sp + 2 slots: 0x0 is NULL
stack at sp + 3 slots: 0x0000000000000001 is an unknown value
stack at sp + 4 slots: 0x000001ebb46b3eb0 points into unknown readable memory: 44 93 1b b6 eb 01 00 00
stack at sp + 5 slots: 0x00000065666fe840 is pointing into the stack for thread: 0x000001ebb5a9c800
stack at sp + 6 slots: 0x00000065666fe910 is pointing into the stack for thread: 0x000001ebb5a9c800
stack at sp + 7 slots: 0x0000000711b0d548 is an oop: jdk.internal.loader.ClassLoaders$AppClassLoader 
{0x0000000711b0d548} - klass: 'jdk/internal/loader/ClassLoaders$AppClassLoader'


---------------  P R O C E S S  ---------------

Threads class SMR info:
_java_thread_list=0x000001ebb61ab8e0, length=16, elements={
0x000001ebb3c22000, 0x000001ebb3c24800, 0x000001ebb4547000, 0x000001ebb454b000,
0x000001ebb44f0800, 0x000001ebb44ff000, 0x000001ebb454f800, 0x000001ebb46bd000,
0x000001ebb46c3800, 0x000001ebb4cdd000, 0x000001ebb4cf8800, 0x000001ebb4ccd000,
0x000001ebb4d60800, 0x000001ebb5a9c800, 0x000001ebb610c800, 0x000001ebb610c000
}

Java Threads: ( => current thread )
  0x000001ebb3c22000 JavaThread "Reference Handler" daemon [_thread_blocked, id=1040, stack(0x0000006565600000,0x0000006565700000)]
  0x000001ebb3c24800 JavaThread "Finalizer" daemon [_thread_blocked, id=4268, stack(0x0000006565700000,0x0000006565800000)]
  0x000001ebb4547000 JavaThread "Signal Dispatcher" daemon [_thread_blocked, id=12392, stack(0x0000006565800000,0x0000006565900000)]
  0x000001ebb454b000 JavaThread "Attach Listener" daemon [_thread_blocked, id=564, stack(0x0000006565900000,0x0000006565a00000)]
  0x000001ebb44f0800 JavaThread "C2 CompilerThread0" daemon [_thread_blocked, id=6004, stack(0x0000006565a00000,0x0000006565b00000)]
  0x000001ebb44ff000 JavaThread "C1 CompilerThread0" daemon [_thread_blocked, id=7680, stack(0x0000006565b00000,0x0000006565c00000)]
  0x000001ebb454f800 JavaThread "Sweeper thread" daemon [_thread_blocked, id=14064, stack(0x0000006565c00000,0x0000006565d00000)]
  0x000001ebb46bd000 JavaThread "Service Thread" daemon [_thread_blocked, id=11684, stack(0x0000006565d00000,0x0000006565e00000)]
  0x000001ebb46c3800 JavaThread "Common-Cleaner" daemon [_thread_blocked, id=12856, stack(0x0000006565f00000,0x0000006566000000)]
  0x000001ebb4cdd000 JavaThread "Java2D Disposer" daemon [_thread_blocked, id=7068, stack(0x0000006566000000,0x0000006566100000)]
  0x000001ebb4cf8800 JavaThread "AWT-Shutdown" [_thread_blocked, id=13588, stack(0x0000006566100000,0x0000006566200000)]
  0x000001ebb4ccd000 JavaThread "AWT-Windows" daemon [_thread_in_native, id=1088, stack(0x0000006566200000,0x0000006566300000)]
  0x000001ebb4d60800 JavaThread "AWT-EventQueue-0" [_thread_blocked, id=4340, stack(0x0000006566300000,0x0000006566400000)]
=>0x000001ebb5a9c800 JavaThread "Animation Thread" [_thread_in_native, id=11772, stack(0x0000006566600000,0x0000006566700000)]
  0x000001ebb610c800 JavaThread "DestroyJavaVM" [_thread_blocked, id=5304, stack(0x0000006564f00000,0x0000006565000000)]
  0x000001ebb610c000 JavaThread "Thread-0" [_thread_in_native, id=11812, stack(0x0000006566e00000,0x0000006566f00000)]

Other Threads:
  0x000001ebb3c4c800 VMThread "VM Thread" [stack: 0x0000006565500000,0x0000006565600000] [id=10156]
  0x000001ebb46c3000 WatcherThread [stack: 0x0000006565e00000,0x0000006565f00000] [id=8892]
  0x000001eb902f1800 GCTaskThread "GC Thread#0" [stack: 0x0000006565000000,0x0000006565100000] [id=3888]
  0x000001ebb621a000 GCTaskThread "GC Thread#1" [stack: 0x0000006564c00000,0x0000006564d00000] [id=13528]
  0x000001ebb5950800 GCTaskThread "GC Thread#2" [stack: 0x0000006564d00000,0x0000006564e00000] [id=3372]
  0x000001ebb4d28800 GCTaskThread "GC Thread#3" [stack: 0x0000006564e00000,0x0000006564f00000] [id=4704]
  0x000001ebb59b0800 GCTaskThread "GC Thread#4" [stack: 0x0000006566a00000,0x0000006566b00000] [id=13680]
  0x000001ebb5d0c800 GCTaskThread "GC Thread#5" [stack: 0x0000006566b00000,0x0000006566c00000] [id=13140]
  0x000001ebb61c9000 GCTaskThread "GC Thread#6" [stack: 0x0000006566c00000,0x0000006566d00000] [id=8688]
  0x000001ebb6233000 GCTaskThread "GC Thread#7" [stack: 0x0000006566d00000,0x0000006566e00000] [id=10060]
  0x000001eb9034e000 ConcurrentGCThread "G1 Main Marker" [stack: 0x0000006565100000,0x0000006565200000] [id=9496]
  0x000001eb90351000 ConcurrentGCThread "G1 Conc#0" [stack: 0x0000006565200000,0x0000006565300000] [id=12084]
  0x000001ebb3b10800 ConcurrentGCThread "G1 Refine#0" [stack: 0x0000006565300000,0x0000006565400000] [id=1708]
  0x000001ebb3b11800 ConcurrentGCThread "G1 Young RemSet Sampling" [stack: 0x0000006565400000,0x0000006565500000] [id=1704]

Threads with active compile tasks:

VM state:not at safepoint (normal execution)

VM Mutex/Monitor currently owned by a thread: None

Heap address: 0x0000000703600000, size: 4042 MB, Compressed Oops mode: Zero based, Oop shift amount: 3
Narrow klass base: 0x0000000800000000, Narrow klass shift: 0
Compressed class space size: 1073741824 Address: 0x0000000800000000

Heap:
 garbage-first heap   total 260096K, used 134024K [0x0000000703600000, 0x0000000800000000)
  region size 1024K, 131 young (134144K), 3 survivors (3072K)
 Metaspace       used 18521K, capacity 18838K, committed 18944K, reserved 1067008K
  class space    used 1620K, capacity 1747K, committed 1792K, reserved 1048576K
Heap Regions: E=young(eden), S=young(survivor), O=old, HS=humongous(starts), HC=humongous(continues), CS=collection set, F=free, A=archive, TAMS=top-at-mark-start (previous, next)
|   0|0x0000000703600000, 0x00000007036e2000, 0x0000000703700000| 88%| O|  |TAMS 0x0000000703600000, 0x0000000703600000| Untracked 
|   1|0x0000000703700000, 0x0000000703700000, 0x0000000703800000|  0%| F|  |TAMS 0x0000000703700000, 0x0000000703700000| Untracked 
|   2|0x0000000703800000, 0x0000000703800000, 0x0000000703900000|  0%| F|  |TAMS 0x0000000703800000, 0x0000000703800000| Untracked 
|   3|0x0000000703900000, 0x0000000703900000, 0x0000000703a00000|  0%| F|  |TAMS 0x0000000703900000, 0x0000000703900000| Untracked 
|   4|0x0000000703a00000, 0x0000000703a00000, 0x0000000703b00000|  0%| F|  |TAMS 0x0000000703a00000, 0x0000000703a00000| Untracked 
|   5|0x0000000703b00000, 0x0000000703b00000, 0x0000000703c00000|  0%| F|  |TAMS 0x0000000703b00000, 0x0000000703b00000| Untracked 
|   6|0x0000000703c00000, 0x0000000703c00000, 0x0000000703d00000|  0%| F|  |TAMS 0x0000000703c00000, 0x0000000703c00000| Untracked 
|   7|0x0000000703d00000, 0x0000000703d00000, 0x0000000703e00000|  0%| F|  |TAMS 0x0000000703d00000, 0x0000000703d00000| Untracked 
|   8|0x0000000703e00000, 0x0000000703e00000, 0x0000000703f00000|  0%| F|  |TAMS 0x0000000703e00000, 0x0000000703e00000| Untracked 
|   9|0x0000000703f00000, 0x0000000703f00000, 0x0000000704000000|  0%| F|  |TAMS 0x0000000703f00000, 0x0000000703f00000| Untracked 
|  10|0x0000000704000000, 0x0000000704000000, 0x0000000704100000|  0%| F|  |TAMS 0x0000000704000000, 0x0000000704000000| Untracked 
|  11|0x0000000704100000, 0x0000000704100000, 0x0000000704200000|  0%| F|  |TAMS 0x0000000704100000, 0x0000000704100000| Untracked 
|  12|0x0000000704200000, 0x0000000704200000, 0x0000000704300000|  0%| F|  |TAMS 0x0000000704200000, 0x0000000704200000| Untracked 
|  13|0x0000000704300000, 0x0000000704300000, 0x0000000704400000|  0%| F|  |TAMS 0x0000000704300000, 0x0000000704300000| Untracked 
|  14|0x0000000704400000, 0x0000000704400000, 0x0000000704500000|  0%| F|  |TAMS 0x0000000704400000, 0x0000000704400000| Untracked 
|  15|0x0000000704500000, 0x0000000704500000, 0x0000000704600000|  0%| F|  |TAMS 0x0000000704500000, 0x0000000704500000| Untracked 
|  16|0x0000000704600000, 0x0000000704600000, 0x0000000704700000|  0%| F|  |TAMS 0x0000000704600000, 0x0000000704600000| Untracked 
|  17|0x0000000704700000, 0x0000000704700000, 0x0000000704800000|  0%| F|  |TAMS 0x0000000704700000, 0x0000000704700000| Untracked 
|  18|0x0000000704800000, 0x0000000704800000, 0x0000000704900000|  0%| F|  |TAMS 0x0000000704800000, 0x0000000704800000| Untracked 
|  19|0x0000000704900000, 0x0000000704900000, 0x0000000704a00000|  0%| F|  |TAMS 0x0000000704900000, 0x0000000704900000| Untracked 
|  20|0x0000000704a00000, 0x0000000704a00000, 0x0000000704b00000|  0%| F|  |TAMS 0x0000000704a00000, 0x0000000704a00000| Untracked 
|  21|0x0000000704b00000, 0x0000000704b00000, 0x0000000704c00000|  0%| F|  |TAMS 0x0000000704b00000, 0x0000000704b00000| Untracked 
|  22|0x0000000704c00000, 0x0000000704c00000, 0x0000000704d00000|  0%| F|  |TAMS 0x0000000704c00000, 0x0000000704c00000| Untracked 
|  23|0x0000000704d00000, 0x0000000704d00000, 0x0000000704e00000|  0%| F|  |TAMS 0x0000000704d00000, 0x0000000704d00000| Untracked 
|  24|0x0000000704e00000, 0x0000000704e00000, 0x0000000704f00000|  0%| F|  |TAMS 0x0000000704e00000, 0x0000000704e00000| Untracked 
|  25|0x0000000704f00000, 0x0000000704f00000, 0x0000000705000000|  0%| F|  |TAMS 0x0000000704f00000, 0x0000000704f00000| Untracked 
|  26|0x0000000705000000, 0x0000000705000000, 0x0000000705100000|  0%| F|  |TAMS 0x0000000705000000, 0x0000000705000000| Untracked 
|  27|0x0000000705100000, 0x0000000705100000, 0x0000000705200000|  0%| F|  |TAMS 0x0000000705100000, 0x0000000705100000| Untracked 
|  28|0x0000000705200000, 0x0000000705200000, 0x0000000705300000|  0%| F|  |TAMS 0x0000000705200000, 0x0000000705200000| Untracked 
|  29|0x0000000705300000, 0x0000000705300000, 0x0000000705400000|  0%| F|  |TAMS 0x0000000705300000, 0x0000000705300000| Untracked 
|  30|0x0000000705400000, 0x0000000705400000, 0x0000000705500000|  0%| F|  |TAMS 0x0000000705400000, 0x0000000705400000| Untracked 
|  31|0x0000000705500000, 0x0000000705500000, 0x0000000705600000|  0%| F|  |TAMS 0x0000000705500000, 0x0000000705500000| Untracked 
|  32|0x0000000705600000, 0x0000000705600000, 0x0000000705700000|  0%| F|  |TAMS 0x0000000705600000, 0x0000000705600000| Untracked 
|  33|0x0000000705700000, 0x0000000705700000, 0x0000000705800000|  0%| F|  |TAMS 0x0000000705700000, 0x0000000705700000| Untracked 
|  34|0x0000000705800000, 0x0000000705800000, 0x0000000705900000|  0%| F|  |TAMS 0x0000000705800000, 0x0000000705800000| Untracked 
|  35|0x0000000705900000, 0x0000000705900000, 0x0000000705a00000|  0%| F|  |TAMS 0x0000000705900000, 0x0000000705900000| Untracked 
|  36|0x0000000705a00000, 0x0000000705a00000, 0x0000000705b00000|  0%| F|  |TAMS 0x0000000705a00000, 0x0000000705a00000| Untracked 
|  37|0x0000000705b00000, 0x0000000705b00000, 0x0000000705c00000|  0%| F|  |TAMS 0x0000000705b00000, 0x0000000705b00000| Untracked 
|  38|0x0000000705c00000, 0x0000000705c00000, 0x0000000705d00000|  0%| F|  |TAMS 0x0000000705c00000, 0x0000000705c00000| Untracked 
|  39|0x0000000705d00000, 0x0000000705d00000, 0x0000000705e00000|  0%| F|  |TAMS 0x0000000705d00000, 0x0000000705d00000| Untracked 
|  40|0x0000000705e00000, 0x0000000705e00000, 0x0000000705f00000|  0%| F|  |TAMS 0x0000000705e00000, 0x0000000705e00000| Untracked 
|  41|0x0000000705f00000, 0x0000000705f00000, 0x0000000706000000|  0%| F|  |TAMS 0x0000000705f00000, 0x0000000705f00000| Untracked 
|  42|0x0000000706000000, 0x0000000706000000, 0x0000000706100000|  0%| F|  |TAMS 0x0000000706000000, 0x0000000706000000| Untracked 
|  43|0x0000000706100000, 0x0000000706100000, 0x0000000706200000|  0%| F|  |TAMS 0x0000000706100000, 0x0000000706100000| Untracked 
|  44|0x0000000706200000, 0x0000000706200000, 0x0000000706300000|  0%| F|  |TAMS 0x0000000706200000, 0x0000000706200000| Untracked 
|  45|0x0000000706300000, 0x0000000706300000, 0x0000000706400000|  0%| F|  |TAMS 0x0000000706300000, 0x0000000706300000| Untracked 
|  46|0x0000000706400000, 0x0000000706400000, 0x0000000706500000|  0%| F|  |TAMS 0x0000000706400000, 0x0000000706400000| Untracked 
|  47|0x0000000706500000, 0x0000000706500000, 0x0000000706600000|  0%| F|  |TAMS 0x0000000706500000, 0x0000000706500000| Untracked 
|  48|0x0000000706600000, 0x0000000706600000, 0x0000000706700000|  0%| F|  |TAMS 0x0000000706600000, 0x0000000706600000| Untracked 
|  49|0x0000000706700000, 0x0000000706700000, 0x0000000706800000|  0%| F|  |TAMS 0x0000000706700000, 0x0000000706700000| Untracked 
|  50|0x0000000706800000, 0x0000000706800000, 0x0000000706900000|  0%| F|  |TAMS 0x0000000706800000, 0x0000000706800000| Untracked 
|  51|0x0000000706900000, 0x0000000706900000, 0x0000000706a00000|  0%| F|  |TAMS 0x0000000706900000, 0x0000000706900000| Untracked 
|  52|0x0000000706a00000, 0x0000000706a00000, 0x0000000706b00000|  0%| F|  |TAMS 0x0000000706a00000, 0x0000000706a00000| Untracked 
|  53|0x0000000706b00000, 0x0000000706b00000, 0x0000000706c00000|  0%| F|  |TAMS 0x0000000706b00000, 0x0000000706b00000| Untracked 
|  54|0x0000000706c00000, 0x0000000706c00000, 0x0000000706d00000|  0%| F|  |TAMS 0x0000000706c00000, 0x0000000706c00000| Untracked 
|  55|0x0000000706d00000, 0x0000000706d00000, 0x0000000706e00000|  0%| F|  |TAMS 0x0000000706d00000, 0x0000000706d00000| Untracked 
|  56|0x0000000706e00000, 0x0000000706e00000, 0x0000000706f00000|  0%| F|  |TAMS 0x0000000706e00000, 0x0000000706e00000| Untracked 
|  57|0x0000000706f00000, 0x0000000706f00000, 0x0000000707000000|  0%| F|  |TAMS 0x0000000706f00000, 0x0000000706f00000| Untracked 
|  58|0x0000000707000000, 0x0000000707000000, 0x0000000707100000|  0%| F|  |TAMS 0x0000000707000000, 0x0000000707000000| Untracked 
|  59|0x0000000707100000, 0x0000000707100000, 0x0000000707200000|  0%| F|  |TAMS 0x0000000707100000, 0x0000000707100000| Untracked 
|  60|0x0000000707200000, 0x0000000707200000, 0x0000000707300000|  0%| F|  |TAMS 0x0000000707200000, 0x0000000707200000| Untracked 
|  61|0x0000000707300000, 0x0000000707300000, 0x0000000707400000|  0%| F|  |TAMS 0x0000000707300000, 0x0000000707300000| Untracked 
|  62|0x0000000707400000, 0x0000000707400000, 0x0000000707500000|  0%| F|  |TAMS 0x0000000707400000, 0x0000000707400000| Untracked 
|  63|0x0000000707500000, 0x0000000707500000, 0x0000000707600000|  0%| F|  |TAMS 0x0000000707500000, 0x0000000707500000| Untracked 
|  64|0x0000000707600000, 0x0000000707600000, 0x0000000707700000|  0%| F|  |TAMS 0x0000000707600000, 0x0000000707600000| Untracked 
|  65|0x0000000707700000, 0x0000000707700000, 0x0000000707800000|  0%| F|  |TAMS 0x0000000707700000, 0x0000000707700000| Untracked 
|  66|0x0000000707800000, 0x0000000707800000, 0x0000000707900000|  0%| F|  |TAMS 0x0000000707800000, 0x0000000707800000| Untracked 
|  67|0x0000000707900000, 0x0000000707900000, 0x0000000707a00000|  0%| F|  |TAMS 0x0000000707900000, 0x0000000707900000| Untracked 
|  68|0x0000000707a00000, 0x0000000707a00000, 0x0000000707b00000|  0%| F|  |TAMS 0x0000000707a00000, 0x0000000707a00000| Untracked 
|  69|0x0000000707b00000, 0x0000000707b00000, 0x0000000707c00000|  0%| F|  |TAMS 0x0000000707b00000, 0x0000000707b00000| Untracked 
|  70|0x0000000707c00000, 0x0000000707c00000, 0x0000000707d00000|  0%| F|  |TAMS 0x0000000707c00000, 0x0000000707c00000| Untracked 
|  71|0x0000000707d00000, 0x0000000707d00000, 0x0000000707e00000|  0%| F|  |TAMS 0x0000000707d00000, 0x0000000707d00000| Untracked 
|  72|0x0000000707e00000, 0x0000000707e00000, 0x0000000707f00000|  0%| F|  |TAMS 0x0000000707e00000, 0x0000000707e00000| Untracked 
|  73|0x0000000707f00000, 0x0000000707f00000, 0x0000000708000000|  0%| F|  |TAMS 0x0000000707f00000, 0x0000000707f00000| Untracked 
|  74|0x0000000708000000, 0x0000000708000000, 0x0000000708100000|  0%| F|  |TAMS 0x0000000708000000, 0x0000000708000000| Untracked 
|  75|0x0000000708100000, 0x0000000708100000, 0x0000000708200000|  0%| F|  |TAMS 0x0000000708100000, 0x0000000708100000| Untracked 
|  76|0x0000000708200000, 0x0000000708200000, 0x0000000708300000|  0%| F|  |TAMS 0x0000000708200000, 0x0000000708200000| Untracked 
|  77|0x0000000708300000, 0x0000000708300000, 0x0000000708400000|  0%| F|  |TAMS 0x0000000708300000, 0x0000000708300000| Untracked 
|  78|0x0000000708400000, 0x0000000708400000, 0x0000000708500000|  0%| F|  |TAMS 0x0000000708400000, 0x0000000708400000| Untracked 
|  79|0x0000000708500000, 0x0000000708500000, 0x0000000708600000|  0%| F|  |TAMS 0x0000000708500000, 0x0000000708500000| Untracked 
|  80|0x0000000708600000, 0x0000000708600000, 0x0000000708700000|  0%| F|  |TAMS 0x0000000708600000, 0x0000000708600000| Untracked 
|  81|0x0000000708700000, 0x0000000708700000, 0x0000000708800000|  0%| F|  |TAMS 0x0000000708700000, 0x0000000708700000| Untracked 
|  82|0x0000000708800000, 0x0000000708800000, 0x0000000708900000|  0%| F|  |TAMS 0x0000000708800000, 0x0000000708800000| Untracked 
|  83|0x0000000708900000, 0x0000000708900000, 0x0000000708a00000|  0%| F|  |TAMS 0x0000000708900000, 0x0000000708900000| Untracked 
|  84|0x0000000708a00000, 0x0000000708a00000, 0x0000000708b00000|  0%| F|  |TAMS 0x0000000708a00000, 0x0000000708a00000| Untracked 
|  85|0x0000000708b00000, 0x0000000708b00000, 0x0000000708c00000|  0%| F|  |TAMS 0x0000000708b00000, 0x0000000708b00000| Untracked 
|  86|0x0000000708c00000, 0x0000000708c00000, 0x0000000708d00000|  0%| F|  |TAMS 0x0000000708c00000, 0x0000000708c00000| Untracked 
|  87|0x0000000708d00000, 0x0000000708d00000, 0x0000000708e00000|  0%| F|  |TAMS 0x0000000708d00000, 0x0000000708d00000| Untracked 
|  88|0x0000000708e00000, 0x0000000708e00000, 0x0000000708f00000|  0%| F|  |TAMS 0x0000000708e00000, 0x0000000708e00000| Untracked 
|  89|0x0000000708f00000, 0x0000000708f00000, 0x0000000709000000|  0%| F|  |TAMS 0x0000000708f00000, 0x0000000708f00000| Untracked 
|  90|0x0000000709000000, 0x0000000709000000, 0x0000000709100000|  0%| F|  |TAMS 0x0000000709000000, 0x0000000709000000| Untracked 
|  91|0x0000000709100000, 0x0000000709100000, 0x0000000709200000|  0%| F|  |TAMS 0x0000000709100000, 0x0000000709100000| Untracked 
|  92|0x0000000709200000, 0x0000000709200000, 0x0000000709300000|  0%| F|  |TAMS 0x0000000709200000, 0x0000000709200000| Untracked 
|  93|0x0000000709300000, 0x0000000709300000, 0x0000000709400000|  0%| F|  |TAMS 0x0000000709300000, 0x0000000709300000| Untracked 
|  94|0x0000000709400000, 0x0000000709400000, 0x0000000709500000|  0%| F|  |TAMS 0x0000000709400000, 0x0000000709400000| Untracked 
|  95|0x0000000709500000, 0x0000000709500000, 0x0000000709600000|  0%| F|  |TAMS 0x0000000709500000, 0x0000000709500000| Untracked 
|  96|0x0000000709600000, 0x0000000709600000, 0x0000000709700000|  0%| F|  |TAMS 0x0000000709600000, 0x0000000709600000| Untracked 
|  97|0x0000000709700000, 0x0000000709700000, 0x0000000709800000|  0%| F|  |TAMS 0x0000000709700000, 0x0000000709700000| Untracked 
|  98|0x0000000709800000, 0x0000000709800000, 0x0000000709900000|  0%| F|  |TAMS 0x0000000709800000, 0x0000000709800000| Untracked 
|  99|0x0000000709900000, 0x0000000709900000, 0x0000000709a00000|  0%| F|  |TAMS 0x0000000709900000, 0x0000000709900000| Untracked 
| 100|0x0000000709a00000, 0x0000000709a00000, 0x0000000709b00000|  0%| F|  |TAMS 0x0000000709a00000, 0x0000000709a00000| Untracked 
| 101|0x0000000709b00000, 0x0000000709b00000, 0x0000000709c00000|  0%| F|  |TAMS 0x0000000709b00000, 0x0000000709b00000| Untracked 
| 102|0x0000000709c00000, 0x0000000709c00000, 0x0000000709d00000|  0%| F|  |TAMS 0x0000000709c00000, 0x0000000709c00000| Untracked 
| 103|0x0000000709d00000, 0x0000000709d00000, 0x0000000709e00000|  0%| F|  |TAMS 0x0000000709d00000, 0x0000000709d00000| Untracked 
| 104|0x0000000709e00000, 0x0000000709e00000, 0x0000000709f00000|  0%| F|  |TAMS 0x0000000709e00000, 0x0000000709e00000| Untracked 
| 105|0x0000000709f00000, 0x0000000709f00000, 0x000000070a000000|  0%| F|  |TAMS 0x0000000709f00000, 0x0000000709f00000| Untracked 
| 106|0x000000070a000000, 0x000000070a000000, 0x000000070a100000|  0%| F|  |TAMS 0x000000070a000000, 0x000000070a000000| Untracked 
| 107|0x000000070a100000, 0x000000070a100000, 0x000000070a200000|  0%| F|  |TAMS 0x000000070a100000, 0x000000070a100000| Untracked 
| 108|0x000000070a200000, 0x000000070a200000, 0x000000070a300000|  0%| F|  |TAMS 0x000000070a200000, 0x000000070a200000| Untracked 
| 109|0x000000070a300000, 0x000000070a300000, 0x000000070a400000|  0%| F|  |TAMS 0x000000070a300000, 0x000000070a300000| Untracked 
| 110|0x000000070a400000, 0x000000070a400000, 0x000000070a500000|  0%| F|  |TAMS 0x000000070a400000, 0x000000070a400000| Untracked 
| 111|0x000000070a500000, 0x000000070a500000, 0x000000070a600000|  0%| F|  |TAMS 0x000000070a500000, 0x000000070a500000| Untracked 
| 112|0x000000070a600000, 0x000000070a600000, 0x000000070a700000|  0%| F|  |TAMS 0x000000070a600000, 0x000000070a600000| Untracked 
| 113|0x000000070a700000, 0x000000070a700000, 0x000000070a800000|  0%| F|  |TAMS 0x000000070a700000, 0x000000070a700000| Untracked 
| 114|0x000000070a800000, 0x000000070a800000, 0x000000070a900000|  0%| F|  |TAMS 0x000000070a800000, 0x000000070a800000| Untracked 
| 115|0x000000070a900000, 0x000000070a900000, 0x000000070aa00000|  0%| F|  |TAMS 0x000000070a900000, 0x000000070a900000| Untracked 
| 116|0x000000070aa00000, 0x000000070aa00000, 0x000000070ab00000|  0%| F|  |TAMS 0x000000070aa00000, 0x000000070aa00000| Untracked 
| 117|0x000000070ab00000, 0x000000070ab00000, 0x000000070ac00000|  0%| F|  |TAMS 0x000000070ab00000, 0x000000070ab00000| Untracked 
| 118|0x000000070ac00000, 0x000000070ac00000, 0x000000070ad00000|  0%| F|  |TAMS 0x000000070ac00000, 0x000000070ac00000| Untracked 
| 119|0x000000070ad00000, 0x000000070ad00000, 0x000000070ae00000|  0%| F|  |TAMS 0x000000070ad00000, 0x000000070ad00000| Untracked 
| 120|0x000000070ae00000, 0x000000070ae00000, 0x000000070af00000|  0%| F|  |TAMS 0x000000070ae00000, 0x000000070ae00000| Untracked 
| 121|0x000000070af00000, 0x000000070af00000, 0x000000070b000000|  0%| F|  |TAMS 0x000000070af00000, 0x000000070af00000| Untracked 
| 122|0x000000070b000000, 0x000000070b000000, 0x000000070b100000|  0%| F|  |TAMS 0x000000070b000000, 0x000000070b000000| Untracked 
| 123|0x000000070b100000, 0x000000070b180800, 0x000000070b200000| 50%| E|  |TAMS 0x000000070b100000, 0x000000070b100000| Complete 
| 124|0x000000070b200000, 0x000000070b300000, 0x000000070b300000|100%| E|CS|TAMS 0x000000070b200000, 0x000000070b200000| Complete 
| 125|0x000000070b300000, 0x000000070b400000, 0x000000070b400000|100%| E|CS|TAMS 0x000000070b300000, 0x000000070b300000| Complete 
| 126|0x000000070b400000, 0x000000070b500000, 0x000000070b500000|100%| E|CS|TAMS 0x000000070b400000, 0x000000070b400000| Complete 
| 127|0x000000070b500000, 0x000000070b600000, 0x000000070b600000|100%| E|CS|TAMS 0x000000070b500000, 0x000000070b500000| Complete 
| 128|0x000000070b600000, 0x000000070b700000, 0x000000070b700000|100%| E|CS|TAMS 0x000000070b600000, 0x000000070b600000| Complete 
| 129|0x000000070b700000, 0x000000070b800000, 0x000000070b800000|100%| E|CS|TAMS 0x000000070b700000, 0x000000070b700000| Complete 
| 130|0x000000070b800000, 0x000000070b900000, 0x000000070b900000|100%| E|CS|TAMS 0x000000070b800000, 0x000000070b800000| Complete 
| 131|0x000000070b900000, 0x000000070ba00000, 0x000000070ba00000|100%| E|CS|TAMS 0x000000070b900000, 0x000000070b900000| Complete 
| 132|0x000000070ba00000, 0x000000070bb00000, 0x000000070bb00000|100%| E|CS|TAMS 0x000000070ba00000, 0x000000070ba00000| Complete 
| 133|0x000000070bb00000, 0x000000070bc00000, 0x000000070bc00000|100%| E|CS|TAMS 0x000000070bb00000, 0x000000070bb00000| Complete 
| 134|0x000000070bc00000, 0x000000070bd00000, 0x000000070bd00000|100%| E|CS|TAMS 0x000000070bc00000, 0x000000070bc00000| Complete 
| 135|0x000000070bd00000, 0x000000070be00000, 0x000000070be00000|100%| E|CS|TAMS 0x000000070bd00000, 0x000000070bd00000| Complete 
| 136|0x000000070be00000, 0x000000070bf00000, 0x000000070bf00000|100%| E|CS|TAMS 0x000000070be00000, 0x000000070be00000| Complete 
| 137|0x000000070bf00000, 0x000000070c000000, 0x000000070c000000|100%| E|CS|TAMS 0x000000070bf00000, 0x000000070bf00000| Complete 
| 138|0x000000070c000000, 0x000000070c100000, 0x000000070c100000|100%| E|CS|TAMS 0x000000070c000000, 0x000000070c000000| Complete 
| 139|0x000000070c100000, 0x000000070c200000, 0x000000070c200000|100%| E|CS|TAMS 0x000000070c100000, 0x000000070c100000| Complete 
| 140|0x000000070c200000, 0x000000070c300000, 0x000000070c300000|100%| E|CS|TAMS 0x000000070c200000, 0x000000070c200000| Complete 
| 141|0x000000070c300000, 0x000000070c400000, 0x000000070c400000|100%| E|CS|TAMS 0x000000070c300000, 0x000000070c300000| Complete 
| 142|0x000000070c400000, 0x000000070c500000, 0x000000070c500000|100%| E|CS|TAMS 0x000000070c400000, 0x000000070c400000| Complete 
| 143|0x000000070c500000, 0x000000070c600000, 0x000000070c600000|100%| E|CS|TAMS 0x000000070c500000, 0x000000070c500000| Complete 
| 144|0x000000070c600000, 0x000000070c700000, 0x000000070c700000|100%| E|CS|TAMS 0x000000070c600000, 0x000000070c600000| Complete 
| 145|0x000000070c700000, 0x000000070c800000, 0x000000070c800000|100%| E|CS|TAMS 0x000000070c700000, 0x000000070c700000| Complete 
| 146|0x000000070c800000, 0x000000070c900000, 0x000000070c900000|100%| E|CS|TAMS 0x000000070c800000, 0x000000070c800000| Complete 
| 147|0x000000070c900000, 0x000000070ca00000, 0x000000070ca00000|100%| E|CS|TAMS 0x000000070c900000, 0x000000070c900000| Complete 
| 148|0x000000070ca00000, 0x000000070cb00000, 0x000000070cb00000|100%| E|CS|TAMS 0x000000070ca00000, 0x000000070ca00000| Complete 
| 149|0x000000070cb00000, 0x000000070cc00000, 0x000000070cc00000|100%| E|CS|TAMS 0x000000070cb00000, 0x000000070cb00000| Complete 
| 150|0x000000070cc00000, 0x000000070cd00000, 0x000000070cd00000|100%| E|CS|TAMS 0x000000070cc00000, 0x000000070cc00000| Complete 
| 151|0x000000070cd00000, 0x000000070ce00000, 0x000000070ce00000|100%| E|CS|TAMS 0x000000070cd00000, 0x000000070cd00000| Complete 
| 152|0x000000070ce00000, 0x000000070cf00000, 0x000000070cf00000|100%| E|CS|TAMS 0x000000070ce00000, 0x000000070ce00000| Complete 
| 153|0x000000070cf00000, 0x000000070d000000, 0x000000070d000000|100%| E|CS|TAMS 0x000000070cf00000, 0x000000070cf00000| Complete 
| 154|0x000000070d000000, 0x000000070d100000, 0x000000070d100000|100%| E|CS|TAMS 0x000000070d000000, 0x000000070d000000| Complete 
| 155|0x000000070d100000, 0x000000070d200000, 0x000000070d200000|100%| E|CS|TAMS 0x000000070d100000, 0x000000070d100000| Complete 
| 156|0x000000070d200000, 0x000000070d300000, 0x000000070d300000|100%| E|CS|TAMS 0x000000070d200000, 0x000000070d200000| Complete 
| 157|0x000000070d300000, 0x000000070d400000, 0x000000070d400000|100%| E|CS|TAMS 0x000000070d300000, 0x000000070d300000| Complete 
| 158|0x000000070d400000, 0x000000070d500000, 0x000000070d500000|100%| E|CS|TAMS 0x000000070d400000, 0x000000070d400000| Complete 
| 159|0x000000070d500000, 0x000000070d600000, 0x000000070d600000|100%| E|CS|TAMS 0x000000070d500000, 0x000000070d500000| Complete 
| 160|0x000000070d600000, 0x000000070d700000, 0x000000070d700000|100%| E|CS|TAMS 0x000000070d600000, 0x000000070d600000| Complete 
| 161|0x000000070d700000, 0x000000070d800000, 0x000000070d800000|100%| E|CS|TAMS 0x000000070d700000, 0x000000070d700000| Complete 
| 162|0x000000070d800000, 0x000000070d900000, 0x000000070d900000|100%| E|CS|TAMS 0x000000070d800000, 0x000000070d800000| Complete 
| 163|0x000000070d900000, 0x000000070da00000, 0x000000070da00000|100%| E|CS|TAMS 0x000000070d900000, 0x000000070d900000| Complete 
| 164|0x000000070da00000, 0x000000070db00000, 0x000000070db00000|100%| E|CS|TAMS 0x000000070da00000, 0x000000070da00000| Complete 
| 165|0x000000070db00000, 0x000000070dc00000, 0x000000070dc00000|100%| E|CS|TAMS 0x000000070db00000, 0x000000070db00000| Complete 
| 166|0x000000070dc00000, 0x000000070dd00000, 0x000000070dd00000|100%| E|CS|TAMS 0x000000070dc00000, 0x000000070dc00000| Complete 
| 167|0x000000070dd00000, 0x000000070de00000, 0x000000070de00000|100%| E|CS|TAMS 0x000000070dd00000, 0x000000070dd00000| Complete 
| 168|0x000000070de00000, 0x000000070df00000, 0x000000070df00000|100%| E|CS|TAMS 0x000000070de00000, 0x000000070de00000| Complete 
| 169|0x000000070df00000, 0x000000070e000000, 0x000000070e000000|100%| E|CS|TAMS 0x000000070df00000, 0x000000070df00000| Complete 
| 170|0x000000070e000000, 0x000000070e100000, 0x000000070e100000|100%| E|CS|TAMS 0x000000070e000000, 0x000000070e000000| Complete 
| 171|0x000000070e100000, 0x000000070e200000, 0x000000070e200000|100%| E|CS|TAMS 0x000000070e100000, 0x000000070e100000| Complete 
| 172|0x000000070e200000, 0x000000070e300000, 0x000000070e300000|100%| E|CS|TAMS 0x000000070e200000, 0x000000070e200000| Complete 
| 173|0x000000070e300000, 0x000000070e400000, 0x000000070e400000|100%| E|CS|TAMS 0x000000070e300000, 0x000000070e300000| Complete 
| 174|0x000000070e400000, 0x000000070e500000, 0x000000070e500000|100%| E|CS|TAMS 0x000000070e400000, 0x000000070e400000| Complete 
| 175|0x000000070e500000, 0x000000070e600000, 0x000000070e600000|100%| E|CS|TAMS 0x000000070e500000, 0x000000070e500000| Complete 
| 176|0x000000070e600000, 0x000000070e700000, 0x000000070e700000|100%| E|CS|TAMS 0x000000070e600000, 0x000000070e600000| Complete 
| 177|0x000000070e700000, 0x000000070e800000, 0x000000070e800000|100%| E|CS|TAMS 0x000000070e700000, 0x000000070e700000| Complete 
| 178|0x000000070e800000, 0x000000070e900000, 0x000000070e900000|100%| E|CS|TAMS 0x000000070e800000, 0x000000070e800000| Complete 
| 179|0x000000070e900000, 0x000000070ea00000, 0x000000070ea00000|100%| E|CS|TAMS 0x000000070e900000, 0x000000070e900000| Complete 
| 180|0x000000070ea00000, 0x000000070eb00000, 0x000000070eb00000|100%| E|CS|TAMS 0x000000070ea00000, 0x000000070ea00000| Complete 
| 181|0x000000070eb00000, 0x000000070ec00000, 0x000000070ec00000|100%| E|CS|TAMS 0x000000070eb00000, 0x000000070eb00000| Complete 
| 182|0x000000070ec00000, 0x000000070ed00000, 0x000000070ed00000|100%| E|CS|TAMS 0x000000070ec00000, 0x000000070ec00000| Complete 
| 183|0x000000070ed00000, 0x000000070ee00000, 0x000000070ee00000|100%| E|CS|TAMS 0x000000070ed00000, 0x000000070ed00000| Complete 
| 184|0x000000070ee00000, 0x000000070ef00000, 0x000000070ef00000|100%| E|CS|TAMS 0x000000070ee00000, 0x000000070ee00000| Complete 
| 185|0x000000070ef00000, 0x000000070f000000, 0x000000070f000000|100%| E|CS|TAMS 0x000000070ef00000, 0x000000070ef00000| Complete 
| 186|0x000000070f000000, 0x000000070f100000, 0x000000070f100000|100%| E|CS|TAMS 0x000000070f000000, 0x000000070f000000| Complete 
| 187|0x000000070f100000, 0x000000070f200000, 0x000000070f200000|100%| E|CS|TAMS 0x000000070f100000, 0x000000070f100000| Complete 
| 188|0x000000070f200000, 0x000000070f300000, 0x000000070f300000|100%| E|CS|TAMS 0x000000070f200000, 0x000000070f200000| Complete 
| 189|0x000000070f300000, 0x000000070f400000, 0x000000070f400000|100%| E|CS|TAMS 0x000000070f300000, 0x000000070f300000| Complete 
| 190|0x000000070f400000, 0x000000070f500000, 0x000000070f500000|100%| E|CS|TAMS 0x000000070f400000, 0x000000070f400000| Complete 
| 191|0x000000070f500000, 0x000000070f600000, 0x000000070f600000|100%| E|CS|TAMS 0x000000070f500000, 0x000000070f500000| Complete 
| 192|0x000000070f600000, 0x000000070f700000, 0x000000070f700000|100%| E|CS|TAMS 0x000000070f600000, 0x000000070f600000| Complete 
| 193|0x000000070f700000, 0x000000070f800000, 0x000000070f800000|100%| E|CS|TAMS 0x000000070f700000, 0x000000070f700000| Complete 
| 194|0x000000070f800000, 0x000000070f900000, 0x000000070f900000|100%| E|CS|TAMS 0x000000070f800000, 0x000000070f800000| Complete 
| 195|0x000000070f900000, 0x000000070fa00000, 0x000000070fa00000|100%| E|CS|TAMS 0x000000070f900000, 0x000000070f900000| Complete 
| 196|0x000000070fa00000, 0x000000070fb00000, 0x000000070fb00000|100%| E|CS|TAMS 0x000000070fa00000, 0x000000070fa00000| Complete 
| 197|0x000000070fb00000, 0x000000070fc00000, 0x000000070fc00000|100%| E|CS|TAMS 0x000000070fb00000, 0x000000070fb00000| Complete 
| 198|0x000000070fc00000, 0x000000070fd00000, 0x000000070fd00000|100%| E|CS|TAMS 0x000000070fc00000, 0x000000070fc00000| Complete 
| 199|0x000000070fd00000, 0x000000070fe00000, 0x000000070fe00000|100%| E|CS|TAMS 0x000000070fd00000, 0x000000070fd00000| Complete 
| 200|0x000000070fe00000, 0x000000070ff00000, 0x000000070ff00000|100%| E|CS|TAMS 0x000000070fe00000, 0x000000070fe00000| Complete 
| 201|0x000000070ff00000, 0x0000000710000000, 0x0000000710000000|100%| E|CS|TAMS 0x000000070ff00000, 0x000000070ff00000| Complete 
| 202|0x0000000710000000, 0x0000000710100000, 0x0000000710100000|100%| E|CS|TAMS 0x0000000710000000, 0x0000000710000000| Complete 
| 203|0x0000000710100000, 0x0000000710200000, 0x0000000710200000|100%| E|CS|TAMS 0x0000000710100000, 0x0000000710100000| Complete 
| 204|0x0000000710200000, 0x0000000710300000, 0x0000000710300000|100%| E|CS|TAMS 0x0000000710200000, 0x0000000710200000| Complete 
| 205|0x0000000710300000, 0x0000000710400000, 0x0000000710400000|100%| E|CS|TAMS 0x0000000710300000, 0x0000000710300000| Complete 
| 206|0x0000000710400000, 0x0000000710500000, 0x0000000710500000|100%| E|CS|TAMS 0x0000000710400000, 0x0000000710400000| Complete 
| 207|0x0000000710500000, 0x0000000710600000, 0x0000000710600000|100%| E|CS|TAMS 0x0000000710500000, 0x0000000710500000| Complete 
| 208|0x0000000710600000, 0x0000000710700000, 0x0000000710700000|100%| E|CS|TAMS 0x0000000710600000, 0x0000000710600000| Complete 
| 209|0x0000000710700000, 0x0000000710800000, 0x0000000710800000|100%| E|CS|TAMS 0x0000000710700000, 0x0000000710700000| Complete 
| 210|0x0000000710800000, 0x0000000710900000, 0x0000000710900000|100%| E|CS|TAMS 0x0000000710800000, 0x0000000710800000| Complete 
| 211|0x0000000710900000, 0x0000000710a00000, 0x0000000710a00000|100%| E|CS|TAMS 0x0000000710900000, 0x0000000710900000| Complete 
| 212|0x0000000710a00000, 0x0000000710b00000, 0x0000000710b00000|100%| E|CS|TAMS 0x0000000710a00000, 0x0000000710a00000| Complete 
| 213|0x0000000710b00000, 0x0000000710c00000, 0x0000000710c00000|100%| E|CS|TAMS 0x0000000710b00000, 0x0000000710b00000| Complete 
| 214|0x0000000710c00000, 0x0000000710d00000, 0x0000000710d00000|100%| E|CS|TAMS 0x0000000710c00000, 0x0000000710c00000| Complete 
| 215|0x0000000710d00000, 0x0000000710e00000, 0x0000000710e00000|100%| E|CS|TAMS 0x0000000710d00000, 0x0000000710d00000| Complete 
| 216|0x0000000710e00000, 0x0000000710f00000, 0x0000000710f00000|100%| E|CS|TAMS 0x0000000710e00000, 0x0000000710e00000| Complete 
| 217|0x0000000710f00000, 0x0000000711000000, 0x0000000711000000|100%| E|CS|TAMS 0x0000000710f00000, 0x0000000710f00000| Complete 
| 218|0x0000000711000000, 0x0000000711100000, 0x0000000711100000|100%| E|CS|TAMS 0x0000000711000000, 0x0000000711000000| Complete 
| 219|0x0000000711100000, 0x0000000711200000, 0x0000000711200000|100%| E|CS|TAMS 0x0000000711100000, 0x0000000711100000| Complete 
| 220|0x0000000711200000, 0x0000000711300000, 0x0000000711300000|100%| E|CS|TAMS 0x0000000711200000, 0x0000000711200000| Complete 
| 221|0x0000000711300000, 0x0000000711400000, 0x0000000711400000|100%| E|CS|TAMS 0x0000000711300000, 0x0000000711300000| Complete 
| 222|0x0000000711400000, 0x0000000711500000, 0x0000000711500000|100%| E|CS|TAMS 0x0000000711400000, 0x0000000711400000| Complete 
| 223|0x0000000711500000, 0x0000000711600000, 0x0000000711600000|100%| E|CS|TAMS 0x0000000711500000, 0x0000000711500000| Complete 
| 224|0x0000000711600000, 0x0000000711700000, 0x0000000711700000|100%| E|CS|TAMS 0x0000000711600000, 0x0000000711600000| Complete 
| 225|0x0000000711700000, 0x0000000711800000, 0x0000000711800000|100%| E|CS|TAMS 0x0000000711700000, 0x0000000711700000| Complete 
| 226|0x0000000711800000, 0x0000000711900000, 0x0000000711900000|100%| E|CS|TAMS 0x0000000711800000, 0x0000000711800000| Complete 
| 227|0x0000000711900000, 0x0000000711a00000, 0x0000000711a00000|100%| S|CS|TAMS 0x0000000711900000, 0x0000000711900000| Complete 
| 228|0x0000000711a00000, 0x0000000711b00000, 0x0000000711b00000|100%| S|CS|TAMS 0x0000000711a00000, 0x0000000711a00000| Complete 
| 229|0x0000000711b00000, 0x0000000711c00000, 0x0000000711c00000|100%| S|CS|TAMS 0x0000000711b00000, 0x0000000711b00000| Complete 
| 230|0x0000000711c00000, 0x0000000711d00000, 0x0000000711d00000|100%| E|CS|TAMS 0x0000000711c00000, 0x0000000711c00000| Complete 
| 231|0x0000000711d00000, 0x0000000711e00000, 0x0000000711e00000|100%| E|CS|TAMS 0x0000000711d00000, 0x0000000711d00000| Complete 
| 232|0x0000000711e00000, 0x0000000711f00000, 0x0000000711f00000|100%| E|CS|TAMS 0x0000000711e00000, 0x0000000711e00000| Complete 
| 233|0x0000000711f00000, 0x0000000712000000, 0x0000000712000000|100%| E|CS|TAMS 0x0000000711f00000, 0x0000000711f00000| Complete 
| 234|0x0000000712000000, 0x0000000712100000, 0x0000000712100000|100%| E|CS|TAMS 0x0000000712000000, 0x0000000712000000| Complete 
| 235|0x0000000712100000, 0x0000000712200000, 0x0000000712200000|100%| E|CS|TAMS 0x0000000712100000, 0x0000000712100000| Complete 
| 236|0x0000000712200000, 0x0000000712300000, 0x0000000712300000|100%| E|CS|TAMS 0x0000000712200000, 0x0000000712200000| Complete 
| 237|0x0000000712300000, 0x0000000712400000, 0x0000000712400000|100%| E|CS|TAMS 0x0000000712300000, 0x0000000712300000| Complete 
| 238|0x0000000712400000, 0x0000000712500000, 0x0000000712500000|100%| E|CS|TAMS 0x0000000712400000, 0x0000000712400000| Complete 
| 239|0x0000000712500000, 0x0000000712600000, 0x0000000712600000|100%| E|CS|TAMS 0x0000000712500000, 0x0000000712500000| Complete 
| 240|0x0000000712600000, 0x0000000712700000, 0x0000000712700000|100%| E|CS|TAMS 0x0000000712600000, 0x0000000712600000| Complete 
| 241|0x0000000712700000, 0x0000000712800000, 0x0000000712800000|100%| E|CS|TAMS 0x0000000712700000, 0x0000000712700000| Complete 
| 242|0x0000000712800000, 0x0000000712900000, 0x0000000712900000|100%| E|CS|TAMS 0x0000000712800000, 0x0000000712800000| Complete 
| 243|0x0000000712900000, 0x0000000712a00000, 0x0000000712a00000|100%| E|CS|TAMS 0x0000000712900000, 0x0000000712900000| Complete 
| 244|0x0000000712a00000, 0x0000000712b00000, 0x0000000712b00000|100%| E|CS|TAMS 0x0000000712a00000, 0x0000000712a00000| Complete 
| 245|0x0000000712b00000, 0x0000000712c00000, 0x0000000712c00000|100%| E|CS|TAMS 0x0000000712b00000, 0x0000000712b00000| Complete 
| 246|0x0000000712c00000, 0x0000000712d00000, 0x0000000712d00000|100%| E|CS|TAMS 0x0000000712c00000, 0x0000000712c00000| Complete 
| 247|0x0000000712d00000, 0x0000000712e00000, 0x0000000712e00000|100%| E|CS|TAMS 0x0000000712d00000, 0x0000000712d00000| Complete 
| 248|0x0000000712e00000, 0x0000000712f00000, 0x0000000712f00000|100%| E|CS|TAMS 0x0000000712e00000, 0x0000000712e00000| Complete 
| 249|0x0000000712f00000, 0x0000000713000000, 0x0000000713000000|100%| E|CS|TAMS 0x0000000712f00000, 0x0000000712f00000| Complete 
| 250|0x0000000713000000, 0x0000000713100000, 0x0000000713100000|100%| E|CS|TAMS 0x0000000713000000, 0x0000000713000000| Complete 
| 251|0x0000000713100000, 0x0000000713200000, 0x0000000713200000|100%| E|CS|TAMS 0x0000000713100000, 0x0000000713100000| Complete 
| 252|0x0000000713200000, 0x0000000713300000, 0x0000000713300000|100%| E|CS|TAMS 0x0000000713200000, 0x0000000713200000| Complete 
| 253|0x0000000713300000, 0x0000000713400000, 0x0000000713400000|100%| E|CS|TAMS 0x0000000713300000, 0x0000000713300000| Complete 

Card table byte_map: [0x000001eba8280000,0x000001eba8a70000] _byte_map_base: 0x000001eba4a65000

Marking Bits (Prev, Next): (CMBitMap*) 0x000001eb9033d298, (CMBitMap*) 0x000001eb9033d2d0
 Prev Bits: [0x000001eba9260000, 0x000001ebad188000)
 Next Bits: [0x000001ebad190000, 0x000001ebb10b8000)

Polling page: 0x000001eb8e290000

Metaspace:

Usage:
  Non-class:     16.69 MB capacity,    16.51 MB ( 99%) used,   152.38 KB ( <1%) free+waste,    37.25 KB ( <1%) overhead. 
      Class:      1.71 MB capacity,     1.58 MB ( 93%) used,   110.34 KB (  6%) free+waste,    16.06 KB ( <1%) overhead. 
       Both:     18.40 MB capacity,    18.09 MB ( 98%) used,   262.72 KB (  1%) free+waste,    53.31 KB ( <1%) overhead. 

Virtual space:
  Non-class space:       18.00 MB reserved,      16.75 MB ( 93%) committed 
      Class space:        1.00 GB reserved,       1.75 MB ( <1%) committed 
             Both:        1.02 GB reserved,      18.50 MB (  2%) committed 

Chunk freelists:
   Non-Class:  7.63 KB
       Class:  1.63 KB
        Both:  9.25 KB

CodeHeap 'non-profiled nmethods': size=120000Kb used=1210Kb max_used=1210Kb free=118789Kb
 bounds [0x000001eba0230000, 0x000001eba04a0000, 0x000001eba7760000]
CodeHeap 'profiled nmethods': size=120000Kb used=4283Kb max_used=4283Kb free=115717Kb
 bounds [0x000001eb98d00000, 0x000001eb99130000, 0x000001eba0230000]
CodeHeap 'non-nmethods': size=5760Kb used=1373Kb max_used=1419Kb free=4386Kb
 bounds [0x000001eb98760000, 0x000001eb989d0000, 0x000001eb98d00000]
 total_blobs=3134 nmethods=2319 adapters=726
 compilation: enabled
              stopped_count=0, restarted_count=0
 full_count=0

Compilation events (10 events):
Event: 180.192 Thread 0x000001ebb44ff000 2314  s    3       sun.awt.im.InputContext::getInputMethod (34 bytes)
Event: 180.192 Thread 0x000001ebb44ff000 nmethod 2314 0x000001eb9912a010 code [0x000001eb9912a1e0, 0x000001eb9912a648]
Event: 180.208 Thread 0x000001ebb44ff000 2315       3       sun.awt.windows.WComponentPeer::handleJavaMouseEvent (75 bytes)
Event: 180.209 Thread 0x000001ebb44ff000 nmethod 2315 0x000001eb9912a710 code [0x000001eb9912a980, 0x000001eb9912b7b8]
Event: 180.275 Thread 0x000001ebb44ff000 2317       3       java.awt.Component::updateCursorImmediately (55 bytes)
Event: 180.276 Thread 0x000001ebb44ff000 nmethod 2317 0x000001eb9912bb90 code [0x000001eb9912be40, 0x000001eb9912d238]
Event: 180.279 Thread 0x000001ebb44ff000 2318       3       processing.core.PApplet::handleMouseEvent (301 bytes)
Event: 180.280 Thread 0x000001ebb44ff000 nmethod 2318 0x000001eb9912d690 code [0x000001eb9912d8c0, 0x000001eb9912e968]
Event: 180.573 Thread 0x000001ebb44f0800 2319       4       java.lang.ThreadLocal::get (38 bytes)
Event: 180.575 Thread 0x000001ebb44f0800 nmethod 2319 0x000001eba035e310 code [0x000001eba035e4c0, 0x000001eba035e698]

GC Heap History (2 events):
Event: 82.851 GC heap before
{Heap before GC invocations=0 (full 0):
 garbage-first heap   total 260096K, used 23552K [0x0000000703600000, 0x0000000800000000)
  region size 1024K, 24 young (24576K), 0 survivors (0K)
 Metaspace       used 17193K, capacity 17582K, committed 17664K, reserved 1064960K
  class space    used 1592K, capacity 1741K, committed 1792K, reserved 1048576K
}
Event: 82.855 GC heap after
{Heap after GC invocations=1 (full 0):
 garbage-first heap   total 260096K, used 3976K [0x0000000703600000, 0x0000000800000000)
  region size 1024K, 3 young (3072K), 3 survivors (3072K)
 Metaspace       used 17193K, capacity 17582K, committed 17664K, reserved 1064960K
  class space    used 1592K, capacity 1741K, committed 1792K, reserved 1048576K
}

Deoptimization events (10 events):
Event: 106.625 Thread 0x000001ebb5a9c800 Uncommon trap: reason=unstable_if action=reinterpret pc=0x000001eba02eee3c method=controlP5.Controller.updateEvents()Ljava/lang/Object; @ 292 c2
Event: 106.625 Thread 0x000001ebb5a9c800 Uncommon trap: reason=unstable_if action=reinterpret pc=0x000001eba031e1ec method=controlP5.Button$ButtonView.display(Lprocessing/core/PApplet;LcontrolP5/Button;)V @ 44 c2
Event: 106.677 Thread 0x000001ebb5a9c800 Uncommon trap: reason=unstable_if action=reinterpret pc=0x000001eba031b78c method=controlP5.Controller.setMouseOver(Z)Ljava/lang/Object; @ 5 c2
Event: 106.725 Thread 0x000001ebb5a9c800 Uncommon trap: reason=predicate action=maybe_recompile pc=0x000001eba02790d8 method=java.util.ArrayList.indexOfRange(Ljava/lang/Object;II)I @ 45 c2
Event: 107.589 Thread 0x000001ebb5a9c800 Uncommon trap: reason=unstable_if action=reinterpret pc=0x000001eba031f8a8 method=controlP5.ControllerGroup.updateEvents()Ljava/lang/Object; @ 59 c2
Event: 107.675 Thread 0x000001ebb5a9c800 Uncommon trap: reason=unstable_if action=reinterpret pc=0x000001eba030e15c method=controlP5.Controller.broadcast(I)V @ 30 c2
Event: 107.675 Thread 0x000001ebb5a9c800 Uncommon trap: reason=unstable_if action=reinterpret pc=0x000001eba0310d88 method=MultiWiiConf.controlEvent(LcontrolP5/ControlEvent;)V @ 4 c2
Event: 180.778 Thread 0x000001ebb5a9c800 Uncommon trap: reason=unstable_if action=reinterpret pc=0x000001eba033ce60 method=controlP5.ControlBroadcaster.broadcast(LcontrolP5/ControlEvent;I)LcontrolP5/ControlBroadcaster; @ 65 c2
Event: 180.778 Thread 0x000001ebb5a9c800 Uncommon trap: reason=unstable_if action=reinterpret pc=0x000001eba0334990 method=controlP5.ControlBroadcaster.invokeMethod(Ljava/lang/Object;Ljava/lang/reflect/Method;[Ljava/lang/Object;)V @ 3 c2
Event: 180.779 Thread 0x000001ebb5a9c800 Uncommon trap: reason=unstable_if action=reinterpret pc=0x000001eba0328090 method=java.lang.reflect.Method.invoke(Ljava/lang/Object;[Ljava/lang/Object;)Ljava/lang/Object; @ 48 c2

Classes redefined (0 events):
No events

Internal exceptions (10 events):
Event: 62.332 Thread 0x000001ebb5a9c800 Exception <a 'java/io/FileNotFoundException'{0x0000000712025f70}> (0x0000000712025f70) thrown at [./open/src/hotspot/share/prims/jni.cpp, line 611]
Event: 62.333 Thread 0x000001ebb5a9c800 Exception <a 'java/io/FileNotFoundException'{0x0000000712034038}> (0x0000000712034038) thrown at [./open/src/hotspot/share/prims/jni.cpp, line 611]
Event: 72.586 Thread 0x000001ebb5a9c800 Exception <a 'java/io/FileNotFoundException'{0x0000000712045770}> (0x0000000712045770) thrown at [./open/src/hotspot/share/prims/jni.cpp, line 611]
Event: 72.586 Thread 0x000001ebb5a9c800 Exception <a 'java/io/FileNotFoundException'{0x000000071205d478}> (0x000000071205d478) thrown at [./open/src/hotspot/share/prims/jni.cpp, line 611]
Event: 82.839 Thread 0x000001ebb5a9c800 Exception <a 'java/io/FileNotFoundException'{0x000000071206ebb0}> (0x000000071206ebb0) thrown at [./open/src/hotspot/share/prims/jni.cpp, line 611]
Event: 107.676 Thread 0x000001ebb5a9c800 Exception <a 'java/io/FileNotFoundException'{0x000000070c6cc590}> (0x000000070c6cc590) thrown at [./open/src/hotspot/share/prims/jni.cpp, line 611]
Event: 117.987 Thread 0x000001ebb5a9c800 Exception <a 'java/io/FileNotFoundException'{0x000000070c6ddf70}> (0x000000070c6ddf70) thrown at [./open/src/hotspot/share/prims/jni.cpp, line 611]
Event: 117.988 Thread 0x000001ebb5a9c800 Exception <a 'java/io/FileNotFoundException'{0x000000070c6f4358}> (0x000000070c6f4358) thrown at [./open/src/hotspot/share/prims/jni.cpp, line 611]
Event: 128.239 Thread 0x000001ebb5a9c800 Exception <a 'java/io/FileNotFoundException'{0x000000070c5061c0}> (0x000000070c5061c0) thrown at [./open/src/hotspot/share/prims/jni.cpp, line 611]
Event: 180.779 Thread 0x000001ebb5a9c800 Implicit null exception at 0x000001eba0327bd9 to 0x000001eba0328080

Events (10 events):
Event: 180.778 Thread 0x000001ebb5a9c800 DEOPT PACKING pc=0x000001eba033ce60 sp=0x00000065666fe600
Event: 180.778 Thread 0x000001ebb5a9c800 DEOPT UNPACKING pc=0x000001eb98787b2f sp=0x00000065666fe558 mode 2
Event: 180.778 Thread 0x000001ebb5a9c800 Uncommon trap: trap_request=0xffffff4d fr.pc=0x000001eba0334990 relative=0x00000000000003b0
Event: 180.778 Thread 0x000001ebb5a9c800 DEOPT PACKING pc=0x000001eba0334990 sp=0x00000065666fe440
Event: 180.779 Thread 0x000001ebb5a9c800 DEOPT UNPACKING pc=0x000001eb98787b2f sp=0x00000065666fe458 mode 2
Event: 180.779 Thread 0x000001ebb5a9c800 Uncommon trap: trap_request=0xffffff4d fr.pc=0x000001eba0328090 relative=0x0000000000000690
Event: 180.779 Thread 0x000001ebb5a9c800 DEOPT PACKING pc=0x000001eba0328090 sp=0x00000065666fe3b0
Event: 180.779 Thread 0x000001ebb5a9c800 DEOPT UNPACKING pc=0x000001eb98787b2f sp=0x00000065666fe3d8 mode 2
Event: 180.824 loading class java/lang/StringCoding$StringEncoder
Event: 180.824 loading class java/lang/StringCoding$StringEncoder done


Dynamic libraries:
0x00007ff7eb970000 - 0x00007ff7eb97f000 	C:\Program Files\Java\jdk-11.0.10\bin\javaw.exe
0x00007ffcce970000 - 0x00007ffcceb65000 	C:\WINDOWS\SYSTEM32\ntdll.dll
0x00007ffcccc00000 - 0x00007ffccccbd000 	C:\WINDOWS\System32\KERNEL32.DLL
0x00007ffccc1b0000 - 0x00007ffccc479000 	C:\WINDOWS\System32\KERNELBASE.dll
0x00007ffcc4940000 - 0x00007ffcc49d0000 	C:\WINDOWS\SYSTEM32\apphelp.dll
0x00007ffccc0b0000 - 0x00007ffccc1b0000 	C:\WINDOWS\System32\ucrtbase.dll
0x00007ffcb6800000 - 0x00007ffcb6818000 	C:\Program Files\Java\jdk-11.0.10\bin\jli.dll
0x00007ffcc2730000 - 0x00007ffcc2745000 	C:\Program Files\Java\jdk-11.0.10\bin\VCRUNTIME140.dll
0x00007ffcccaa0000 - 0x00007ffcccb4c000 	C:\WINDOWS\System32\ADVAPI32.dll
0x00007ffccd940000 - 0x00007ffccd9de000 	C:\WINDOWS\System32\msvcrt.dll
0x00007ffccd9e0000 - 0x00007ffccda7c000 	C:\WINDOWS\System32\sechost.dll
0x00007ffccce50000 - 0x00007ffcccf7b000 	C:\WINDOWS\System32\RPCRT4.dll
0x00007ffcce360000 - 0x00007ffcce500000 	C:\WINDOWS\System32\USER32.dll
0x00007ffccc6e0000 - 0x00007ffccc702000 	C:\WINDOWS\System32\win32u.dll
0x00007ffcac890000 - 0x00007ffcacb2a000 	C:\WINDOWS\WinSxS\amd64_microsoft.windows.common-controls_6595b64144ccf1df_6.0.19041.844_none_ca00b6081b84eb1d\COMCTL32.dll
0x00007ffccda80000 - 0x00007ffccdaaa000 	C:\WINDOWS\System32\GDI32.dll
0x00007ffccc710000 - 0x00007ffccc81b000 	C:\WINDOWS\System32\gdi32full.dll
0x00007ffccc640000 - 0x00007ffccc6dd000 	C:\WINDOWS\System32\msvcp_win.dll
0x00007ffcb8f90000 - 0x00007ffcb8f9a000 	C:\WINDOWS\SYSTEM32\VERSION.dll
0x00007ffcce220000 - 0x00007ffcce250000 	C:\WINDOWS\System32\IMM32.DLL
0x00007ffcb4870000 - 0x00007ffcb490b000 	C:\Program Files\Java\jdk-11.0.10\bin\msvcp140.dll
0x00007ffc7ae80000 - 0x00007ffc7b97b000 	C:\Program Files\Java\jdk-11.0.10\bin\server\jvm.dll
0x00007ffcce200000 - 0x00007ffcce208000 	C:\WINDOWS\System32\PSAPI.DLL
0x00007ffcc65b0000 - 0x00007ffcc65d7000 	C:\WINDOWS\SYSTEM32\WINMM.dll
0x00007ffcc2b60000 - 0x00007ffcc2b69000 	C:\WINDOWS\SYSTEM32\WSOCK32.dll
0x00007ffcce860000 - 0x00007ffcce8cb000 	C:\WINDOWS\System32\WS2_32.dll
0x00007ffcca990000 - 0x00007ffcca9a2000 	C:\WINDOWS\SYSTEM32\kernel.appcore.dll
0x00007ffcc04c0000 - 0x00007ffcc04d0000 	C:\Program Files\Java\jdk-11.0.10\bin\verify.dll
0x00007ffcc68a0000 - 0x00007ffcc6a84000 	C:\WINDOWS\SYSTEM32\DBGHELP.DLL
0x00007ffcacf50000 - 0x00007ffcacf7c000 	C:\WINDOWS\SYSTEM32\dbgcore.DLL
0x00007ffccc950000 - 0x00007ffccc9d0000 	C:\WINDOWS\System32\bcryptPrimitives.dll
0x00007ffcb4ba0000 - 0x00007ffcb4bc8000 	C:\Program Files\Java\jdk-11.0.10\bin\java.dll
0x00007ffcc03f0000 - 0x00007ffcc03fa000 	C:\Program Files\Java\jdk-11.0.10\bin\jimage.dll
0x00007ffcb67a0000 - 0x00007ffcb67b6000 	C:\Program Files\Java\jdk-11.0.10\bin\zip.dll
0x00007ffccdab0000 - 0x00007ffcce1f2000 	C:\WINDOWS\System32\SHELL32.dll
0x00007ffcc70d0000 - 0x00007ffcc7860000 	C:\WINDOWS\SYSTEM32\windows.storage.dll
0x00007ffcce500000 - 0x00007ffcce855000 	C:\WINDOWS\System32\combase.dll
0x00007ffccbb20000 - 0x00007ffccbb4c000 	C:\WINDOWS\SYSTEM32\Wldp.dll
0x00007ffcccb50000 - 0x00007ffcccbfe000 	C:\WINDOWS\System32\SHCORE.dll
0x00007ffcce8d0000 - 0x00007ffcce925000 	C:\WINDOWS\System32\shlwapi.dll
0x00007ffccbff0000 - 0x00007ffccc00f000 	C:\WINDOWS\SYSTEM32\profapi.dll
0x00007ffcb4850000 - 0x00007ffcb4869000 	C:\Program Files\Java\jdk-11.0.10\bin\net.dll
0x00007ffcc5e90000 - 0x00007ffcc5f9c000 	C:\WINDOWS\SYSTEM32\WINHTTP.dll
0x00007ffccb8a0000 - 0x00007ffccb90a000 	C:\WINDOWS\system32\mswsock.dll
0x00007ffcb4830000 - 0x00007ffcb4842000 	C:\Program Files\Java\jdk-11.0.10\bin\nio.dll
0x00007ffc7ace0000 - 0x00007ffc7ae7a000 	C:\Program Files\Java\jdk-11.0.10\bin\awt.dll
0x00007ffccc9d0000 - 0x00007ffccca9d000 	C:\WINDOWS\System32\OLEAUT32.dll
0x00007ffcc4a30000 - 0x00007ffcc4ace000 	C:\WINDOWS\system32\uxtheme.dll
0x00007ffccd1d0000 - 0x00007ffccd2e5000 	C:\WINDOWS\System32\MSCTF.dll
0x00007ffcccd20000 - 0x00007ffccce4a000 	C:\WINDOWS\System32\ole32.dll
0x00007ffcc6b10000 - 0x00007ffcc6b3f000 	C:\WINDOWS\system32\DWMAPI.DLL
0x00007ffc9cd10000 - 0x00007ffc9ce36000 	C:\WINDOWS\system32\opengl32.dll
0x00007ffc9cce0000 - 0x00007ffc9cd0c000 	C:\WINDOWS\SYSTEM32\GLU32.dll
0x00007ffcb47a0000 - 0x00007ffcb4825000 	C:\Program Files\Java\jdk-11.0.10\bin\freetype.dll
0x00007ffc8a520000 - 0x00007ffc8a5dc000 	C:\Program Files\Java\jdk-11.0.10\bin\harfbuzz.dll
0x00007ffc9acf0000 - 0x00007ffc9ad02000 	C:\Program Files\Java\jdk-11.0.10\bin\fontmanager.dll
0x0000000010000000 - 0x000000001005a000 	C:\Users\jorge\Downloads\MW\MultiWii_2_4\MultiWiiConf\application.windows64\jogl.dll
0x00000000635a0000 - 0x0000000063669000 	C:\WINDOWS\WinSxS\amd64_microsoft.vc80.crt_1fc8b3b9a1e18e3b_8.0.50727.9672_none_88e266cb2fac7c0d\MSVCR80.dll
0x00007ffcb7790000 - 0x00007ffcb7797000 	C:\Program Files\Java\jdk-11.0.10\bin\jawt.dll
0x0000000000f80000 - 0x0000000000f87000 	C:\Users\jorge\Downloads\MW\MultiWii_2_4\MultiWiiConf\application.windows64\jogl_awt.dll
0x00007ffc9d2e0000 - 0x00007ffc9d3db000 	C:\WINDOWS\SYSTEM32\textinputframework.dll
0x00007ffcc4710000 - 0x00007ffcc4802000 	C:\WINDOWS\System32\CoreMessaging.dll
0x00007ffcc4030000 - 0x00007ffcc438e000 	C:\WINDOWS\System32\CoreUIComponents.dll
0x00007ffccaec0000 - 0x00007ffccaef3000 	C:\WINDOWS\SYSTEM32\ntmarta.dll
0x00007ffcc4d50000 - 0x00007ffcc4ea4000 	C:\WINDOWS\SYSTEM32\wintypes.dll
0x00007ffcce2b0000 - 0x00007ffcce359000 	C:\WINDOWS\System32\clbcatq.dll
0x00007ffcc0500000 - 0x00007ffcc05fa000 	C:\Windows\System32\AppXDeploymentClient.dll
0x00007ffc79d00000 - 0x00007ffc7acd2000 	C:\WINDOWS\System32\DriverStore\FileRepository\iigd_dch.inf_amd64_5b6f0bf7941e5589\ig9icd64.dll
0x00007ffccaa00000 - 0x00007ffccaaf3000 	C:\WINDOWS\system32\dxgi.dll
0x00007ffcbbd80000 - 0x00007ffcbbfd8000 	C:\WINDOWS\System32\DriverStore\FileRepository\iigd_dch.inf_amd64_5b6f0bf7941e5589\igdgmm64.dll
0x00007ffcb8fa0000 - 0x00007ffcbbc80000 	C:\WINDOWS\System32\DriverStore\FileRepository\iigd_dch.inf_amd64_5b6f0bf7941e5589\igc64.dll
0x00007ffccb660000 - 0x00007ffccb6ab000 	C:\WINDOWS\SYSTEM32\powrprof.dll
0x00007ffccb520000 - 0x00007ffccb532000 	C:\WINDOWS\SYSTEM32\UMPDC.dll
0x00007ffc798e0000 - 0x00007ffc79cfa000 	C:\WINDOWS\System32\DriverStore\FileRepository\iigd_dch.inf_amd64_5b6f0bf7941e5589\igdml64.dll
0x0000000180000000 - 0x0000000180025000 	C:\Users\jorge\Downloads\MW\MultiWii_2_4\MultiWiiConf\application.windows64\rxtxSerial.dll

dbghelp: loaded successfully - version: 4.0.5 - missing functions: none
symbol engine: initialized successfully - sym options: 0x614 - pdb path: .;C:\Program Files\Java\jdk-11.0.10\bin;C:\WINDOWS\SYSTEM32;C:\WINDOWS\WinSxS\amd64_microsoft.windows.common-controls_6595b64144ccf1df_6.0.19041.844_none_ca00b6081b84eb1d;C:\Program Files\Java\jdk-11.0.10\bin\server;C:\Users\jorge\Downloads\MW\MultiWii_2_4\MultiWiiConf\application.windows64;C:\WINDOWS\WinSxS\amd64_microsoft.vc80.crt_1fc8b3b9a1e18e3b_8.0.50727.9672_none_88e266cb2fac7c0d;C:\WINDOWS\System32\DriverStore\FileRepository\iigd_dch.inf_amd64_5b6f0bf7941e5589

VM Arguments:
java_command: MultiWiiConf
java_class_path (initial): C:\Users\jorge\Downloads\MW\MultiWii_2_4\MultiWiiConf\application.windows64\lib\MultiWiiConf.jar;C:\Users\jorge\Downloads\MW\MultiWii_2_4\MultiWiiConf\application.windows64\lib\core.jar;C:\Users\jorge\Downloads\MW\MultiWii_2_4\MultiWiiConf\application.windows64\lib\RXTXcomm.jar;C:\Users\jorge\Downloads\MW\MultiWii_2_4\MultiWiiConf\application.windows64\lib\serial.jar;C:\Users\jorge\Downloads\MW\MultiWii_2_4\MultiWiiConf\application.windows64\lib\controlP5.jar;C:\Users\jorge\Downloads\MW\MultiWii_2_4\MultiWiiConf\application.windows64\lib\controlP5_ori.jar;C:\Users\jorge\Downloads\MW\MultiWii_2_4\MultiWiiConf\application.windows64\lib\gluegen-rt.jar;C:\Users\jorge\Downloads\MW\MultiWii_2_4\MultiWiiConf\application.windows64\lib\jogl.jar;C:\Users\jorge\Downloads\MW\MultiWii_2_4\MultiWiiConf\application.windows64\lib\opengl.jar
Launcher Type: SUN_STANDARD

[Global flags]
     intx CICompilerCount                          = 4                                         {product} {ergonomic}
     uint ConcGCThreads                            = 2                                         {product} {ergonomic}
     uint G1ConcRefinementThreads                  = 8                                         {product} {ergonomic}
   size_t G1HeapRegionSize                         = 1048576                                   {product} {ergonomic}
    uintx GCDrainStackTargetSize                   = 64                                        {product} {ergonomic}
   size_t InitialHeapSize                          = 266338304                                 {product} {ergonomic}
   size_t MarkStackSize                            = 4194304                                   {product} {ergonomic}
   size_t MaxHeapSize                              = 4238344192                                {product} {ergonomic}
   size_t MaxNewSize                               = 2542796800                                {product} {ergonomic}
   size_t MinHeapDeltaBytes                        = 1048576                                   {product} {ergonomic}
    uintx NonNMethodCodeHeapSize                   = 5836300                                {pd product} {ergonomic}
    uintx NonProfiledCodeHeapSize                  = 122910970                              {pd product} {ergonomic}
    uintx ProfiledCodeHeapSize                     = 122910970                              {pd product} {ergonomic}
    uintx ReservedCodeCacheSize                    = 251658240                              {pd product} {ergonomic}
     bool SegmentedCodeCache                       = true                                      {product} {ergonomic}
     bool UseCompressedClassPointers               = true                                 {lp64_product} {ergonomic}
     bool UseCompressedOops                        = true                                 {lp64_product} {ergonomic}
     bool UseG1GC                                  = true                                      {product} {ergonomic}
     bool UseLargePagesIndividualAllocation        = false                                  {pd product} {ergonomic}

Logging:
Log output configuration:
 #0: stdout all=warning uptime,level,tags
 #1: stderr all=off uptime,level,tags

Environment Variables:
CLASSPATH=C:\Users\jorge\Downloads\MW\MultiWii_2_4\MultiWiiConf\application.windows64\lib\MultiWiiConf.jar;C:\Users\jorge\Downloads\MW\MultiWii_2_4\MultiWiiConf\application.windows64\lib\core.jar;C:\Users\jorge\Downloads\MW\MultiWii_2_4\MultiWiiConf\application.windows64\lib\RXTXcomm.jar;C:\Users\jorge\Downloads\MW\MultiWii_2_4\MultiWiiConf\application.windows64\lib\serial.jar;C:\Users\jorge\Downloads\MW\MultiWii_2_4\MultiWiiConf\application.windows64\lib\controlP5.jar;C:\Users\jorge\Downloads\MW\MultiWii_2_4\MultiWiiConf\application.windows64\lib\controlP5_ori.jar;C:\Users\jorge\Downloads\MW\MultiWii_2_4\MultiWiiConf\application.windows64\lib\gluegen-rt.jar;C:\Users\jorge\Downloads\MW\MultiWii_2_4\MultiWiiConf\application.windows64\lib\jogl.jar;C:\Users\jorge\Downloads\MW\MultiWii_2_4\MultiWiiConf\application.windows64\lib\opengl.jar
PATH=C:\Program Files\Common Files\Oracle\Java\javapath;C:\Program Files (x86)\Common Files\Oracle\Java\javapath;C:\WINDOWS\system32;C:\WINDOWS;C:\WINDOWS\System32\Wbem;C:\WINDOWS\System32\WindowsPowerShell\v1.0;C:\Program Files\MATLAB\R2019b\bin;C:\Program Files (x86)\Calibre2;C:\Program Files\MiKTeX 2.9\miktex\bin\x64;C:\Program Files\dotnet;C:\Program Files\Microsoft SQL Server\130\Tools\Binn;C:\Program Files\Microsoft SQL Server\Client SDK\ODBC\170\Tools\Binn;C:\Program Files (x86)\Microsoft SQL Server\110\DTS\Binn;C:\Program Files (x86)\Microsoft SQL Server\120\DTS\Binn;C:\Program Files (x86)\Microsoft SQL Server\130\DTS\Binn;C:\Users\jorge\AppData\Local\Continuum\anaconda3;C:\Users\jorge\AppData\Local\Continuum\anaconda3\Scripts;C:\Users\jorge\AppData\Local\Continuum\anaconda3\Library;C:\Users\jorge\AppData\Local\Continuum\anaconda3\Library\bin;C:\Users\jorge\AppData\Local\Continuum\anaconda3\Library\mingw-w64\bin;C:\MinGW\bin;C:\Program Files\Microchip\xc32\v2.50\bin;C:\ProgramData\chocolatey\bin;C:\ProgramData\chocolatey\lib\maven\apache-maven-3.6.3\bin;C:\Program Files\Git\cmd;C:\Program Files\PuTTY;C:\Users\jorge\AppData\Local\Microsoft\WindowsApps;C:\Users\jorge\AppData\Local\GitHubDesktop\bin;C:\altera\13.0sp1\modelsim_ase\win32aloem;C:\Users\jorge\Downloads;C:\Users\jorge\AppData\Local\Programs\Microsoft VS Code\bin;C:\Users\jorge\AppData\Local\Microsoft\WindowsApps;C:\Program Files\Elastic\Beats\7.10.0;C:\Program Files\JetBrains\PyCharm 2020.3.1\bin;C:\Users\jorge\flutter\bin
USERNAME=jorge
OS=Windows_NT
PROCESSOR_IDENTIFIER=Intel64 Family 6 Model 142 Stepping 12, GenuineIntel



---------------  S Y S T E M  ---------------

OS: Windows 10 , 64 bit Build 19041 (10.0.19041.804)

CPU:total 8 (initial active 8) (4 cores per cpu, 2 threads per core) family 6 model 142 stepping 12 microcode 0xde, cmov, cx8, fxsr, mmx, sse, sse2, sse3, ssse3, sse4.1, sse4.2, popcnt, avx, avx2, aes, clmul, erms, 3dnowpref, lzcnt, ht, tsc, tscinvbit, bmi1, bmi2, adx, fma

Memory: 4k page, system-wide physical 16166M (9709M free)
TotalPageFile size 18598M (AvailPageFile size 11482M)
current process WorkingSet (physical memory assigned to process): 277M, peak: 283M
current process commit charge ("private bytes"): 397M, peak: 406M

vm_info: Java HotSpot(TM) 64-Bit Server VM (11.0.10+8-LTS-162) for windows-amd64 JRE (11.0.10+8-LTS-162), built on Dec  8 2020 16:32:57 by "mach5one" with MS VC++ 15.9 (VS2017)

END.
