#
# A fatal error has been detected by the Java Runtime Environment:
#
#  EXCEPTION_ACCESS_VIOLATION (0xc0000005) at pc=0x00007ffee1cfefa3, pid=15632, tid=0x000000000000376c
#
# JRE version: Java(TM) SE Runtime Environment (8.0_202-b08) (build 1.8.0_202-b08)
# Java VM: Java HotSpot(TM) 64-Bit Server VM (25.202-b08 mixed mode windows-amd64 compressed oops)
# Problematic frame:
# C  [ig9icd64.dll+0x9befa3]
#
# Failed to write core dump. Minidumps are not enabled by default on client versions of Windows
#
# If you would like to submit a bug report, please visit:
#   http://bugreport.java.com/bugreport/crash.jsp
# The crash happened outside the Java Virtual Machine in native code.
# See problematic frame for where to report the bug.
#

---------------  T H R E A D  ---------------

Current thread (0x000000001f39e000):  JavaThread "Animation Thread" [_thread_in_native, id=14188, stack(0x0000000020950000,0x0000000020a50000)]

siginfo: ExceptionCode=0xc0000005, reading address 0xffffffffffffffff

Registers:
RAX=0x000000000fff0fff, RBX=0x00007ffee1340000, RCX=0x000000033fcf3fcc, RDX=0x0000000020a4ec20
RSP=0x0000000020a4e708, RBP=0x0000000020a4e810, RSI=0x0000000026e00300, RDI=0x0000000020a4ea10
R8 =0x0000000020a4e840, R9 =0x0000000020a4ec20, R10=0x0000000020a4ea10, R11=0x0000000000000000
R12=0x00007ffee21715d0, R13=0x0000000000000000, R14=0x0000000000000000, R15=0x00000000000001c1
RIP=0x00007ffee1cfefa3, EFLAGS=0x0000000000010206

Top of Stack: (sp=0x0000000020a4e708)
0x0000000020a4e708:   00007ffee1cfc6db 0000000000000001
0x0000000020a4e718:   0000000000000000 00000000294cc700
0x0000000020a4e728:   00007fff42052622 0000000000000065
0x0000000020a4e738:   0000000020a4e940 0000000000000000
0x0000000020a4e748:   00000000296fe1a0 0000000000000000
0x0000000020a4e758:   00000000296fb520 00000000294cc7e0
0x0000000020a4e768:   0000000000001100 0000000000000000
0x0000000020a4e778:   0000000000000000 0000000020a4e8f0
0x0000000020a4e788:   00007ffee199b1d0 0000000000000000
0x0000000020a4e798:   0000000000000000 0000000000000000
0x0000000020a4e7a8:   0000000000000000 0000b87d8b4c0a39
0x0000000020a4e7b8:   00007ffee1356555 0000000000000000
0x0000000020a4e7c8:   0000000000004001 0000000000000200
0x0000000020a4e7d8:   00007fff5377b86b 000000000012000f
0x0000000020a4e7e8:   0000000000000049 0000000000ce9ac0
0x0000000020a4e7f8:   0000000000000000 0000000026f93390 

Instructions: (pc=0x00007ffee1cfefa3)
0x00007ffee1cfef83:   40 44 8b 84 19 1c d1 ee 00 41 89 40 48 8b 84 19
0x00007ffee1cfef93:   20 d1 ee 00 41 89 40 4c 49 63 42 78 48 6b c8 34
0x00007ffee1cfefa3:   8b 84 19 34 d1 ee 00 41 89 40 50 8b 84 19 38 d1
0x00007ffee1cfefb3:   ee 00 41 89 40 54 8b 84 19 3c d1 ee 00 41 89 40 


Register to memory mapping:

RAX=0x000000000fff0fff is an unknown value
RBX=0x00007ffee1340000 is an unknown value
RCX=0x000000033fcf3fcc is an unknown value
RDX=0x0000000020a4ec20 is pointing into the stack for thread: 0x000000001f39e000
RSP=0x0000000020a4e708 is pointing into the stack for thread: 0x000000001f39e000
RBP=0x0000000020a4e810 is pointing into the stack for thread: 0x000000001f39e000
RSI=0x0000000026e00300 is an unknown value
RDI=0x0000000020a4ea10 is pointing into the stack for thread: 0x000000001f39e000
R8 =0x0000000020a4e840 is pointing into the stack for thread: 0x000000001f39e000
R9 =0x0000000020a4ec20 is pointing into the stack for thread: 0x000000001f39e000
R10=0x0000000020a4ea10 is pointing into the stack for thread: 0x000000001f39e000
R11=0x0000000000000000 is an unknown value
R12=0x00007ffee21715d0 is an unknown value
R13=0x0000000000000000 is an unknown value
R14=0x0000000000000000 is an unknown value
R15=0x00000000000001c1 is an unknown value


Stack: [0x0000000020950000,0x0000000020a50000],  sp=0x0000000020a4e708,  free space=1017k
Native frames: (J=compiled Java code, j=interpreted, Vv=VM code, C=native code)
C  [ig9icd64.dll+0x9befa3]
C  [ig9icd64.dll+0x9bc6db]
C  [ig9icd64.dll+0x9c5e87]
C  [ig9icd64.dll+0x5d58a3]
C  [ig9icd64.dll+0x5d6ab6]
C  [ig9icd64.dll+0x5a4edb]
C  [ig9icd64.dll+0x91fc84]
C  [jogl.dll+0x2add]
C  0x000000000319c275

Java frames: (J=compiled Java code, j=interpreted, Vv=VM code)
J 1812  com.sun.opengl.impl.GLImpl.glClear(I)V (0 bytes) @ 0x000000000319c1fb [0x000000000319c1c0+0x3b]
J 2252 C2 processing.core.PApplet.background(I)V (24 bytes) @ 0x0000000002faaafc [0x0000000002faa8c0+0x23c]
j  MultiWiiConf.draw()V+5963
J 2246 C2 processing.core.PApplet.handleDraw()V (239 bytes) @ 0x00000000031c3cb8 [0x00000000031c3a00+0x2b8]
j  processing.core.PApplet.run()V+72
j  java.lang.Thread.run()V+11
v  ~StubRoutines::call_stub

---------------  P R O C E S S  ---------------

Java Threads: ( => current thread )
  0x000000001f31d800 JavaThread "Thread-3" [_thread_in_native, id=19268, stack(0x0000000000df0000,0x0000000000ef0000)]
  0x000000001f31d000 JavaThread "DestroyJavaVM" [_thread_blocked, id=3792, stack(0x00000000029a0000,0x0000000002aa0000)]
=>0x000000001f39e000 JavaThread "Animation Thread" [_thread_in_native, id=14188, stack(0x0000000020950000,0x0000000020a50000)]
  0x000000001f385800 JavaThread "AWT-EventQueue-0" [_thread_blocked, id=7848, stack(0x000000001ff60000,0x0000000020060000)]
  0x000000001f374000 JavaThread "AWT-Shutdown" [_thread_blocked, id=8796, stack(0x000000001fbe0000,0x000000001fce0000)]
  0x000000001f373800 JavaThread "Java2D Disposer" daemon [_thread_blocked, id=11016, stack(0x000000001fae0000,0x000000001fbe0000)]
  0x000000001e45d000 JavaThread "Service Thread" daemon [_thread_blocked, id=11064, stack(0x000000001efa0000,0x000000001f0a0000)]
  0x000000001e3e0800 JavaThread "C1 CompilerThread3" daemon [_thread_blocked, id=13216, stack(0x000000001eea0000,0x000000001efa0000)]
  0x000000001e3d7000 JavaThread "C2 CompilerThread2" daemon [_thread_blocked, id=6612, stack(0x000000001eda0000,0x000000001eea0000)]
  0x000000001e3d0000 JavaThread "C2 CompilerThread1" daemon [_thread_blocked, id=2076, stack(0x000000001eca0000,0x000000001eda0000)]
  0x000000001e3cd000 JavaThread "C2 CompilerThread0" daemon [_thread_blocked, id=13432, stack(0x000000001eba0000,0x000000001eca0000)]
  0x000000001e3cb000 JavaThread "Attach Listener" daemon [_thread_blocked, id=10084, stack(0x000000001eaa0000,0x000000001eba0000)]
  0x000000001e3ca000 JavaThread "Signal Dispatcher" daemon [_thread_blocked, id=17420, stack(0x000000001e9a0000,0x000000001eaa0000)]
  0x0000000002b99800 JavaThread "Finalizer" daemon [_thread_blocked, id=17000, stack(0x000000001e7a0000,0x000000001e8a0000)]
  0x0000000002b98000 JavaThread "Reference Handler" daemon [_thread_blocked, id=15396, stack(0x000000001e2a0000,0x000000001e3a0000)]

Other Threads:
  0x000000001c4c9000 VMThread [stack: 0x000000001e1a0000,0x000000001e2a0000] [id=12768]
  0x000000001e47e800 WatcherThread [stack: 0x000000001f0a0000,0x000000001f1a0000] [id=19036]

VM state:not at safepoint (normal execution)

VM Mutex/Monitor currently owned by a thread: None

heap address: 0x00000006c3600000, size: 4042 MB, Compressed Oops mode: Zero based, Oop shift amount: 3
Narrow klass base: 0x0000000000000000, Narrow klass shift: 3
Compressed class space size: 1073741824 Address: 0x00000007c0000000

Heap:
 PSYoungGen      total 31744K, used 28533K [0x000000076bd00000, 0x000000076df00000, 0x00000007c0000000)
  eden space 31232K, 90% used [0x000000076bd00000,0x000000076d8ad6a8,0x000000076db80000)
  from space 512K, 37% used [0x000000076de00000,0x000000076de30000,0x000000076de80000)
  to   space 512K, 0% used [0x000000076de80000,0x000000076de80000,0x000000076df00000)
 ParOldGen       total 173568K, used 5039K [0x00000006c3600000, 0x00000006cdf80000, 0x000000076bd00000)
  object space 173568K, 2% used [0x00000006c3600000,0x00000006c3aebea0,0x00000006cdf80000)
 Metaspace       used 13617K, capacity 13846K, committed 13952K, reserved 1062912K
  class space    used 1315K, capacity 1372K, committed 1408K, reserved 1048576K

Card table byte_map: [0x0000000011f60000,0x0000000012750000] byte_map_base: 0x000000000e945000

Marking Bits: (ParMarkBitMap*) 0x00000000755a5ce0
 Begin Bits: [0x00000000134a0000, 0x00000000173c8000)
 End Bits:   [0x00000000173c8000, 0x000000001b2f0000)

Polling page: 0x0000000000c50000

CodeCache: size=245760Kb used=6336Kb max_used=7346Kb free=239423Kb
 bounds [0x0000000002ba0000, 0x0000000003330000, 0x0000000011ba0000]
 total_blobs=2625 nmethods=1907 adapters=630
 compilation: enabled

Compilation events (10 events):
Event: 9146.014 Thread 0x000000001e3d0000 2462       4       java.awt.Component::areInputMethodsEnabled (39 bytes)
Event: 9146.016 Thread 0x000000001e3d0000 nmethod 2462 0x000000000304f490 code [0x000000000304f5c0, 0x000000000304f698]
Event: 9146.558 Thread 0x000000001e3cd000 2463       4       controlP5.ControlWindow::mouseEvent (52 bytes)
Event: 9146.562 Thread 0x000000001e3cd000 nmethod 2463 0x0000000003165c50 code [0x0000000003165da0, 0x0000000003165e98]
Event: 9147.078 Thread 0x000000001e3d7000 2464   !   4       sun.reflect.GeneratedMethodAccessor6::invoke (66 bytes)
Event: 9147.084 Thread 0x000000001e3d7000 nmethod 2464 0x0000000002ed0610 code [0x0000000002ed0780, 0x0000000002ed0938]
Event: 9148.530 Thread 0x000000001e3d0000 2465       4       java.util.AbstractCollection::<init> (5 bytes)
Event: 9148.530 Thread 0x000000001e3e0800 2466       3       java.util.logging.LogManager$LoggerContext::ensureDefaultLogger (70 bytes)
Event: 9148.530 Thread 0x000000001e3d0000 nmethod 2465 0x000000000325cb10 code [0x000000000325cc40, 0x000000000325cc98]
Event: 9148.532 Thread 0x000000001e3e0800 nmethod 2466 0x0000000002f56fd0 code [0x0000000002f57180, 0x0000000002f57a28]

GC Heap History (10 events):
Event: 8639.261 GC heap before
{Heap before GC invocations=85 (full 0):
 PSYoungGen      total 31744K, used 31424K [0x000000076bd00000, 0x000000076df00000, 0x00000007c0000000)
  eden space 31232K, 100% used [0x000000076bd00000,0x000000076db80000,0x000000076db80000)
  from space 512K, 37% used [0x000000076de80000,0x000000076deb0000,0x000000076df00000)
  to   space 512K, 0% used [0x000000076de00000,0x000000076de00000,0x000000076de80000)
 ParOldGen       total 173568K, used 5039K [0x00000006c3600000, 0x00000006cdf80000, 0x000000076bd00000)
  object space 173568K, 2% used [0x00000006c3600000,0x00000006c3aebea0,0x00000006cdf80000)
 Metaspace       used 13607K, capacity 13846K, committed 13952K, reserved 1062912K
  class space    used 1314K, capacity 1372K, committed 1408K, reserved 1048576K
Event: 8639.262 GC heap after
Heap after GC invocations=85 (full 0):
 PSYoungGen      total 31744K, used 192K [0x000000076bd00000, 0x000000076df00000, 0x00000007c0000000)
  eden space 31232K, 0% used [0x000000076bd00000,0x000000076bd00000,0x000000076db80000)
  from space 512K, 37% used [0x000000076de00000,0x000000076de30000,0x000000076de80000)
  to   space 512K, 0% used [0x000000076de80000,0x000000076de80000,0x000000076df00000)
 ParOldGen       total 173568K, used 5039K [0x00000006c3600000, 0x00000006cdf80000, 0x000000076bd00000)
  object space 173568K, 2% used [0x00000006c3600000,0x00000006c3aebea0,0x00000006cdf80000)
 Metaspace       used 13607K, capacity 13846K, committed 13952K, reserved 1062912K
  class space    used 1314K, capacity 1372K, committed 1408K, reserved 1048576K
}
Event: 8748.702 GC heap before
{Heap before GC invocations=86 (full 0):
 PSYoungGen      total 31744K, used 31424K [0x000000076bd00000, 0x000000076df00000, 0x00000007c0000000)
  eden space 31232K, 100% used [0x000000076bd00000,0x000000076db80000,0x000000076db80000)
  from space 512K, 37% used [0x000000076de00000,0x000000076de30000,0x000000076de80000)
  to   space 512K, 0% used [0x000000076de80000,0x000000076de80000,0x000000076df00000)
 ParOldGen       total 173568K, used 5039K [0x00000006c3600000, 0x00000006cdf80000, 0x000000076bd00000)
  object space 173568K, 2% used [0x00000006c3600000,0x00000006c3aebea0,0x00000006cdf80000)
 Metaspace       used 13607K, capacity 13846K, committed 13952K, reserved 1062912K
  class space    used 1314K, capacity 1372K, committed 1408K, reserved 1048576K
Event: 8748.704 GC heap after
Heap after GC invocations=86 (full 0):
 PSYoungGen      total 31744K, used 192K [0x000000076bd00000, 0x000000076df00000, 0x00000007c0000000)
  eden space 31232K, 0% used [0x000000076bd00000,0x000000076bd00000,0x000000076db80000)
  from space 512K, 37% used [0x000000076de80000,0x000000076deb0000,0x000000076df00000)
  to   space 512K, 0% used [0x000000076de00000,0x000000076de00000,0x000000076de80000)
 ParOldGen       total 173568K, used 5039K [0x00000006c3600000, 0x00000006cdf80000, 0x000000076bd00000)
  object space 173568K, 2% used [0x00000006c3600000,0x00000006c3aebea0,0x00000006cdf80000)
 Metaspace       used 13607K, capacity 13846K, committed 13952K, reserved 1062912K
  class space    used 1314K, capacity 1372K, committed 1408K, reserved 1048576K
}
Event: 8856.165 GC heap before
{Heap before GC invocations=87 (full 0):
 PSYoungGen      total 31744K, used 31424K [0x000000076bd00000, 0x000000076df00000, 0x00000007c0000000)
  eden space 31232K, 100% used [0x000000076bd00000,0x000000076db80000,0x000000076db80000)
  from space 512K, 37% used [0x000000076de80000,0x000000076deb0000,0x000000076df00000)
  to   space 512K, 0% used [0x000000076de00000,0x000000076de00000,0x000000076de80000)
 ParOldGen       total 173568K, used 5039K [0x00000006c3600000, 0x00000006cdf80000, 0x000000076bd00000)
  object space 173568K, 2% used [0x00000006c3600000,0x00000006c3aebea0,0x00000006cdf80000)
 Metaspace       used 13607K, capacity 13846K, committed 13952K, reserved 1062912K
  class space    used 1314K, capacity 1372K, committed 1408K, reserved 1048576K
Event: 8856.168 GC heap after
Heap after GC invocations=87 (full 0):
 PSYoungGen      total 31744K, used 192K [0x000000076bd00000, 0x000000076df00000, 0x00000007c0000000)
  eden space 31232K, 0% used [0x000000076bd00000,0x000000076bd00000,0x000000076db80000)
  from space 512K, 37% used [0x000000076de00000,0x000000076de30000,0x000000076de80000)
  to   space 512K, 0% used [0x000000076de80000,0x000000076de80000,0x000000076df00000)
 ParOldGen       total 173568K, used 5039K [0x00000006c3600000, 0x00000006cdf80000, 0x000000076bd00000)
  object space 173568K, 2% used [0x00000006c3600000,0x00000006c3aebea0,0x00000006cdf80000)
 Metaspace       used 13607K, capacity 13846K, committed 13952K, reserved 1062912K
  class space    used 1314K, capacity 1372K, committed 1408K, reserved 1048576K
}
Event: 8959.693 GC heap before
{Heap before GC invocations=88 (full 0):
 PSYoungGen      total 31744K, used 31424K [0x000000076bd00000, 0x000000076df00000, 0x00000007c0000000)
  eden space 31232K, 100% used [0x000000076bd00000,0x000000076db80000,0x000000076db80000)
  from space 512K, 37% used [0x000000076de00000,0x000000076de30000,0x000000076de80000)
  to   space 512K, 0% used [0x000000076de80000,0x000000076de80000,0x000000076df00000)
 ParOldGen       total 173568K, used 5039K [0x00000006c3600000, 0x00000006cdf80000, 0x000000076bd00000)
  object space 173568K, 2% used [0x00000006c3600000,0x00000006c3aebea0,0x00000006cdf80000)
 Metaspace       used 13607K, capacity 13846K, committed 13952K, reserved 1062912K
  class space    used 1314K, capacity 1372K, committed 1408K, reserved 1048576K
Event: 8959.695 GC heap after
Heap after GC invocations=88 (full 0):
 PSYoungGen      total 31744K, used 128K [0x000000076bd00000, 0x000000076df00000, 0x00000007c0000000)
  eden space 31232K, 0% used [0x000000076bd00000,0x000000076bd00000,0x000000076db80000)
  from space 512K, 25% used [0x000000076de80000,0x000000076dea0000,0x000000076df00000)
  to   space 512K, 0% used [0x000000076de00000,0x000000076de00000,0x000000076de80000)
 ParOldGen       total 173568K, used 5039K [0x00000006c3600000, 0x00000006cdf80000, 0x000000076bd00000)
  object space 173568K, 2% used [0x00000006c3600000,0x00000006c3aebea0,0x00000006cdf80000)
 Metaspace       used 13607K, capacity 13846K, committed 13952K, reserved 1062912K
  class space    used 1314K, capacity 1372K, committed 1408K, reserved 1048576K
}
Event: 9060.277 GC heap before
{Heap before GC invocations=89 (full 0):
 PSYoungGen      total 31744K, used 31360K [0x000000076bd00000, 0x000000076df00000, 0x00000007c0000000)
  eden space 31232K, 100% used [0x000000076bd00000,0x000000076db80000,0x000000076db80000)
  from space 512K, 25% used [0x000000076de80000,0x000000076dea0000,0x000000076df00000)
  to   space 512K, 0% used [0x000000076de00000,0x000000076de00000,0x000000076de80000)
 ParOldGen       total 173568K, used 5039K [0x00000006c3600000, 0x00000006cdf80000, 0x000000076bd00000)
  object space 173568K, 2% used [0x00000006c3600000,0x00000006c3aebea0,0x00000006cdf80000)
 Metaspace       used 13607K, capacity 13846K, committed 13952K, reserved 1062912K
  class space    used 1314K, capacity 1372K, committed 1408K, reserved 1048576K
Event: 9060.279 GC heap after
Heap after GC invocations=89 (full 0):
 PSYoungGen      total 31744K, used 192K [0x000000076bd00000, 0x000000076df00000, 0x00000007c0000000)
  eden space 31232K, 0% used [0x000000076bd00000,0x000000076bd00000,0x000000076db80000)
  from space 512K, 37% used [0x000000076de00000,0x000000076de30000,0x000000076de80000)
  to   space 512K, 0% used [0x000000076de80000,0x000000076de80000,0x000000076df00000)
 ParOldGen       total 173568K, used 5039K [0x00000006c3600000, 0x00000006cdf80000, 0x000000076bd00000)
  object space 173568K, 2% used [0x00000006c3600000,0x00000006c3aebea0,0x00000006cdf80000)
 Metaspace       used 13607K, capacity 13846K, committed 13952K, reserved 1062912K
  class space    used 1314K, capacity 1372K, committed 1408K, reserved 1048576K
}

Deoptimization events (10 events):
Event: 502.014 Thread 0x000000001f376800 Uncommon trap: reason=class_check action=maybe_recompile pc=0x0000000002dfe4e0 method=sun.awt.windows.WObjectPeer.getPeerForTarget(Ljava/lang/Object;)Lsun/awt/windows/WObjectPeer; @ 4
Event: 502.014 Thread 0x000000001f385800 Uncommon trap: reason=class_check action=maybe_recompile pc=0x0000000003304dac method=java.awt.EventQueue.cacheEQItem(Lsun/awt/EventQueueItem;)V @ 20
Event: 502.014 Thread 0x000000001f385800 Uncommon trap: reason=class_check action=maybe_recompile pc=0x0000000002eb1464 method=java.awt.EventQueue.uncacheEQItem(Lsun/awt/EventQueueItem;)V @ 20
Event: 502.014 Thread 0x000000001f376800 Uncommon trap: reason=class_check action=maybe_recompile pc=0x0000000002dfe4e0 method=sun.awt.windows.WObjectPeer.getPeerForTarget(Ljava/lang/Object;)Lsun/awt/windows/WObjectPeer; @ 4
Event: 502.014 Thread 0x000000001f385800 Uncommon trap: reason=class_check action=maybe_recompile pc=0x00000000032ea57c method=sun.awt.windows.WComponentPeer.handleEvent(Ljava/awt/AWTEvent;)V @ 26
Event: 2148.848 Thread 0x000000001f39e000 Uncommon trap: reason=unstable_if action=reinterpret pc=0x00000000030b9194 method=java.lang.Thread.sleep(JI)V @ 49
Event: 9142.609 Thread 0x000000001f385800 Uncommon trap: reason=class_check action=maybe_recompile pc=0x00000000032ea57c method=sun.awt.windows.WComponentPeer.handleEvent(Ljava/awt/AWTEvent;)V @ 26
Event: 9142.613 Thread 0x000000001f385800 Uncommon trap: reason=unstable_if action=reinterpret pc=0x00000000032af2d8 method=sun.awt.GlobalCursorManager$NativeUpdater.run()V @ 10
Event: 9142.677 Thread 0x000000001f385800 Uncommon trap: reason=unstable_if action=reinterpret pc=0x00000000032ea0d0 method=processing.core.PApplet.enqueueMouseEvent(Ljava/awt/event/MouseEvent;)V @ 16
Event: 9148.529 Thread 0x000000001f31e800 Uncommon trap: reason=unstable_if action=reinterpret pc=0x00000000032d6418 method=java.util.HashMap.values()Ljava/util/Collection; @ 6

Classes redefined (0 events):
No events

Internal exceptions (10 events):
Event: 9148.586 Thread 0x000000001f39e000 Exception <a 'java/io/IOException'> (0x000000076d7ddca0) thrown at [C:\re\workspace\8-2-build-windows-amd64-cygwin\jdk8u202\12323\hotspot\src\share\vm\prims\jni.cpp, line 710]
Event: 9148.586 Thread 0x000000001f39e000 Exception <a 'java/io/IOException'> (0x000000076d7de230) thrown at [C:\re\workspace\8-2-build-windows-amd64-cygwin\jdk8u202\12323\hotspot\src\share\vm\prims\jni.cpp, line 710]
Event: 9148.586 Thread 0x000000001f39e000 Exception <a 'java/io/IOException'> (0x000000076d7de4c0) thrown at [C:\re\workspace\8-2-build-windows-amd64-cygwin\jdk8u202\12323\hotspot\src\share\vm\prims\jni.cpp, line 710]
Event: 9148.586 Thread 0x000000001f39e000 Exception <a 'java/io/IOException'> (0x000000076d7de720) thrown at [C:\re\workspace\8-2-build-windows-amd64-cygwin\jdk8u202\12323\hotspot\src\share\vm\prims\jni.cpp, line 710]
Event: 9148.586 Thread 0x000000001f39e000 Exception <a 'java/io/IOException'> (0x000000076d7dec80) thrown at [C:\re\workspace\8-2-build-windows-amd64-cygwin\jdk8u202\12323\hotspot\src\share\vm\prims\jni.cpp, line 710]
Event: 9148.586 Thread 0x000000001f39e000 Exception <a 'java/io/IOException'> (0x000000076d7def10) thrown at [C:\re\workspace\8-2-build-windows-amd64-cygwin\jdk8u202\12323\hotspot\src\share\vm\prims\jni.cpp, line 710]
Event: 9148.586 Thread 0x000000001f39e000 Exception <a 'java/io/IOException'> (0x000000076d7df170) thrown at [C:\re\workspace\8-2-build-windows-amd64-cygwin\jdk8u202\12323\hotspot\src\share\vm\prims\jni.cpp, line 710]
Event: 9148.586 Thread 0x000000001f39e000 Exception <a 'java/io/IOException'> (0x000000076d7df6a0) thrown at [C:\re\workspace\8-2-build-windows-amd64-cygwin\jdk8u202\12323\hotspot\src\share\vm\prims\jni.cpp, line 710]
Event: 9148.586 Thread 0x000000001f39e000 Exception <a 'java/io/IOException'> (0x000000076d7df930) thrown at [C:\re\workspace\8-2-build-windows-amd64-cygwin\jdk8u202\12323\hotspot\src\share\vm\prims\jni.cpp, line 710]
Event: 9148.586 Thread 0x000000001f39e000 Exception <a 'java/io/IOException'> (0x000000076d7dfb90) thrown at [C:\re\workspace\8-2-build-windows-amd64-cygwin\jdk8u202\12323\hotspot\src\share\vm\prims\jni.cpp, line 710]

Events (10 events):
Event: 9148.527 loading class java/util/IdentityHashMap$KeyIterator done
Event: 9148.528 Thread 0x000000001f31a000 Thread added: 0x000000001f31a000
Event: 9148.528 Thread 0x000000001f31e800 Thread added: 0x000000001f31e800
Event: 9148.528 Thread 0x000000001f31f000 Thread added: 0x000000001f31f000
Event: 9148.529 Thread 0x000000001f31e800 Uncommon trap: trap_request=0xffffff65 fr.pc=0x00000000032d6418
Event: 9148.529 Thread 0x000000001f31f000 Thread exited: 0x000000001f31f000
Event: 9148.529 Thread 0x000000001f31e800 DEOPT PACKING pc=0x00000000032d6418 sp=0x000000002035f310
Event: 9148.529 Thread 0x000000001f31e800 DEOPT UNPACKING pc=0x0000000002be583b sp=0x000000002035f2b0 mode 2
Event: 9148.530 Thread 0x000000001f31e800 Thread exited: 0x000000001f31e800
Event: 9148.560 Thread 0x000000001f376800 Thread exited: 0x000000001f376800


Dynamic libraries:
0x00007ff7e6780000 - 0x00007ff7e67b7000 	C:\Program Files (x86)\Common Files\Oracle\Java\javapath\javaw.exe
0x00007fff53750000 - 0x00007fff53945000 	C:\WINDOWS\SYSTEM32\ntdll.dll
0x00007fff517b0000 - 0x00007fff5186d000 	C:\WINDOWS\System32\KERNEL32.DLL
0x00007fff513b0000 - 0x00007fff51679000 	C:\WINDOWS\System32\KERNELBASE.dll
0x00007fff51b50000 - 0x00007fff51bfc000 	C:\WINDOWS\System32\ADVAPI32.dll
0x00007fff518f0000 - 0x00007fff5198e000 	C:\WINDOWS\System32\msvcrt.dll
0x00007fff53440000 - 0x00007fff534dc000 	C:\WINDOWS\System32\sechost.dll
0x00007fff52bd0000 - 0x00007fff52cfb000 	C:\WINDOWS\System32\RPCRT4.dll
0x00007fff53570000 - 0x00007fff53710000 	C:\WINDOWS\System32\USER32.dll
0x00007fff51680000 - 0x00007fff516a2000 	C:\WINDOWS\System32\win32u.dll
0x00007fff51ee0000 - 0x00007fff51f0a000 	C:\WINDOWS\System32\GDI32.dll
0x00007fff50e90000 - 0x00007fff50f9b000 	C:\WINDOWS\System32\gdi32full.dll
0x00007fff516b0000 - 0x00007fff5174d000 	C:\WINDOWS\System32\msvcp_win.dll
0x00007fff51230000 - 0x00007fff51330000 	C:\WINDOWS\System32\ucrtbase.dll
0x00007fff3abe0000 - 0x00007fff3ae7a000 	C:\WINDOWS\WinSxS\amd64_microsoft.windows.common-controls_6595b64144ccf1df_6.0.19041.844_none_ca00b6081b84eb1d\COMCTL32.dll
0x00007fff52760000 - 0x00007fff52790000 	C:\WINDOWS\System32\IMM32.DLL
0x0000000075630000 - 0x0000000075702000 	C:\Program Files\Java\jre1.8.0_202\bin\msvcr100.dll
0x0000000074d80000 - 0x0000000075625000 	C:\Program Files\Java\jre1.8.0_202\bin\server\jvm.dll
0x00007fff531d0000 - 0x00007fff531d8000 	C:\WINDOWS\System32\PSAPI.DLL
0x00007fff490a0000 - 0x00007fff490c7000 	C:\WINDOWS\SYSTEM32\WINMM.dll
0x00007fff41d20000 - 0x00007fff41d2a000 	C:\WINDOWS\SYSTEM32\VERSION.dll
0x00007fff49510000 - 0x00007fff49519000 	C:\WINDOWS\SYSTEM32\WSOCK32.dll
0x00007fff527f0000 - 0x00007fff5285b000 	C:\WINDOWS\System32\WS2_32.dll
0x00007fff465b0000 - 0x00007fff465bf000 	C:\Program Files\Java\jre1.8.0_202\bin\verify.dll
0x00007fff36460000 - 0x00007fff36489000 	C:\Program Files\Java\jre1.8.0_202\bin\java.dll
0x00007fff3c9a0000 - 0x00007fff3c9b6000 	C:\Program Files\Java\jre1.8.0_202\bin\zip.dll
0x00007fff51f10000 - 0x00007fff52652000 	C:\WINDOWS\System32\SHELL32.dll
0x00007fff4bc00000 - 0x00007fff4c390000 	C:\WINDOWS\SYSTEM32\windows.storage.dll
0x00007fff52860000 - 0x00007fff52bb5000 	C:\WINDOWS\System32\combase.dll
0x00007fff50900000 - 0x00007fff5092c000 	C:\WINDOWS\SYSTEM32\Wldp.dll
0x00007fff51990000 - 0x00007fff51a3e000 	C:\WINDOWS\System32\SHCORE.dll
0x00007fff51af0000 - 0x00007fff51b45000 	C:\WINDOWS\System32\shlwapi.dll
0x00007fff50dd0000 - 0x00007fff50def000 	C:\WINDOWS\SYSTEM32\profapi.dll
0x00007fff35040000 - 0x00007fff351d9000 	C:\Program Files\Java\jre1.8.0_202\bin\awt.dll
0x00007fff52660000 - 0x00007fff5272d000 	C:\WINDOWS\System32\OLEAUT32.dll
0x00007fff4b1a0000 - 0x00007fff4b230000 	C:\WINDOWS\SYSTEM32\apphelp.dll
0x00007fff4b400000 - 0x00007fff4b49e000 	C:\WINDOWS\system32\uxtheme.dll
0x00007fff532c0000 - 0x00007fff533d5000 	C:\WINDOWS\System32\MSCTF.dll
0x00007fff51c00000 - 0x00007fff51d2a000 	C:\WINDOWS\System32\ole32.dll
0x00007fff4f770000 - 0x00007fff4f782000 	C:\WINDOWS\SYSTEM32\kernel.appcore.dll
0x00007fff51330000 - 0x00007fff513b0000 	C:\WINDOWS\System32\bcryptPrimitives.dll
0x00007fff4b640000 - 0x00007fff4b66f000 	C:\WINDOWS\system32\DWMAPI.DLL
0x00007fff3c690000 - 0x00007fff3c7b6000 	C:\WINDOWS\system32\opengl32.dll
0x00007fff3cc50000 - 0x00007fff3cc7c000 	C:\WINDOWS\SYSTEM32\GLU32.dll
0x00007fff36410000 - 0x00007fff36457000 	C:\Program Files\Java\jre1.8.0_202\bin\fontmanager.dll
0x0000000020a50000 - 0x0000000020aaa000 	C:\Users\jorge\Downloads\MW\MultiWii_2_4\MultiWiiConf\application.windows64\jogl.dll
0x0000000075950000 - 0x0000000075a19000 	C:\WINDOWS\WinSxS\amd64_microsoft.vc80.crt_1fc8b3b9a1e18e3b_8.0.50727.9672_none_88e266cb2fac7c0d\MSVCR80.dll
0x00007fff465a0000 - 0x00007fff465a7000 	C:\Program Files\Java\jre1.8.0_202\bin\jawt.dll
0x0000000002900000 - 0x0000000002907000 	C:\Users\jorge\Downloads\MW\MultiWii_2_4\MultiWiiConf\application.windows64\jogl_awt.dll
0x00007fff3d800000 - 0x00007fff3d8fb000 	C:\WINDOWS\SYSTEM32\textinputframework.dll
0x00007fff4ae30000 - 0x00007fff4af22000 	C:\WINDOWS\System32\CoreMessaging.dll
0x00007fff4a730000 - 0x00007fff4aa8e000 	C:\WINDOWS\System32\CoreUIComponents.dll
0x00007fff4fc70000 - 0x00007fff4fca3000 	C:\WINDOWS\SYSTEM32\ntmarta.dll
0x00007fff496f0000 - 0x00007fff49844000 	C:\WINDOWS\SYSTEM32\wintypes.dll
0x00007fff51a40000 - 0x00007fff51ae9000 	C:\WINDOWS\System32\clbcatq.dll
0x00007ffee1340000 - 0x00007ffee2312000 	C:\WINDOWS\System32\DriverStore\FileRepository\iigd_dch.inf_amd64_5b6f0bf7941e5589\ig9icd64.dll
0x00007fff4f7e0000 - 0x00007fff4f8d3000 	C:\WINDOWS\system32\dxgi.dll
0x00007fff42050000 - 0x00007fff422a8000 	C:\WINDOWS\System32\DriverStore\FileRepository\iigd_dch.inf_amd64_5b6f0bf7941e5589\igdgmm64.dll
0x00007fff3efe0000 - 0x00007fff41cc0000 	C:\WINDOWS\System32\DriverStore\FileRepository\iigd_dch.inf_amd64_5b6f0bf7941e5589\igc64.dll
0x00007fff508b0000 - 0x00007fff508fb000 	C:\WINDOWS\SYSTEM32\powrprof.dll
0x00007fff50840000 - 0x00007fff50852000 	C:\WINDOWS\SYSTEM32\UMPDC.dll
0x00007ffef7bb0000 - 0x00007ffef7fca000 	C:\WINDOWS\System32\DriverStore\FileRepository\iigd_dch.inf_amd64_5b6f0bf7941e5589\igdml64.dll
0x00007fff38ea0000 - 0x00007fff38eba000 	C:\Program Files\Java\jre1.8.0_202\bin\net.dll
0x00007fff3b9f0000 - 0x00007fff3bbde000 	C:\WINDOWS\SYSTEM32\urlmon.dll
0x00007fff3bd20000 - 0x00007fff3bfd0000 	C:\WINDOWS\SYSTEM32\iertutil.dll
0x00007fff50610000 - 0x00007fff5067a000 	C:\WINDOWS\system32\mswsock.dll
0x00007fff38df0000 - 0x00007fff38e02000 	C:\Program Files\Java\jre1.8.0_202\bin\nio.dll
0x00007fff35360000 - 0x00007fff353a2000 	C:\Program Files\Java\jre1.8.0_202\bin\t2k.dll
0x0000000180000000 - 0x0000000180025000 	C:\Users\jorge\Downloads\MW\MultiWii_2_4\MultiWiiConf\application.windows64\rxtxSerial.dll
0x00007fff4c460000 - 0x00007fff4c644000 	C:\WINDOWS\SYSTEM32\dbghelp.dll

VM Arguments:
java_command: MultiWiiConf
java_class_path (initial): C:\Users\jorge\Downloads\MW\MultiWii_2_4\MultiWiiConf\application.windows64\lib\MultiWiiConf.jar;C:\Users\jorge\Downloads\MW\MultiWii_2_4\MultiWiiConf\application.windows64\lib\core.jar;C:\Users\jorge\Downloads\MW\MultiWii_2_4\MultiWiiConf\application.windows64\lib\RXTXcomm.jar;C:\Users\jorge\Downloads\MW\MultiWii_2_4\MultiWiiConf\application.windows64\lib\serial.jar;C:\Users\jorge\Downloads\MW\MultiWii_2_4\MultiWiiConf\application.windows64\lib\controlP5.jar;C:\Users\jorge\Downloads\MW\MultiWii_2_4\MultiWiiConf\application.windows64\lib\controlP5_ori.jar;C:\Users\jorge\Downloads\MW\MultiWii_2_4\MultiWiiConf\application.windows64\lib\gluegen-rt.jar;C:\Users\jorge\Downloads\MW\MultiWii_2_4\MultiWiiConf\application.windows64\lib\jogl.jar;C:\Users\jorge\Downloads\MW\MultiWii_2_4\MultiWiiConf\application.windows64\lib\opengl.jar
Launcher Type: SUN_STANDARD

Environment Variables:
CLASSPATH=C:\Users\jorge\Downloads\MW\MultiWii_2_4\MultiWiiConf\application.windows64\lib\MultiWiiConf.jar;C:\Users\jorge\Downloads\MW\MultiWii_2_4\MultiWiiConf\application.windows64\lib\core.jar;C:\Users\jorge\Downloads\MW\MultiWii_2_4\MultiWiiConf\application.windows64\lib\RXTXcomm.jar;C:\Users\jorge\Downloads\MW\MultiWii_2_4\MultiWiiConf\application.windows64\lib\serial.jar;C:\Users\jorge\Downloads\MW\MultiWii_2_4\MultiWiiConf\application.windows64\lib\controlP5.jar;C:\Users\jorge\Downloads\MW\MultiWii_2_4\MultiWiiConf\application.windows64\lib\controlP5_ori.jar;C:\Users\jorge\Downloads\MW\MultiWii_2_4\MultiWiiConf\application.windows64\lib\gluegen-rt.jar;C:\Users\jorge\Downloads\MW\MultiWii_2_4\MultiWiiConf\application.windows64\lib\jogl.jar;C:\Users\jorge\Downloads\MW\MultiWii_2_4\MultiWiiConf\application.windows64\lib\opengl.jar
PATH=C:\Program Files (x86)\Common Files\Oracle\Java\javapath;C:\WINDOWS\system32;C:\WINDOWS;C:\WINDOWS\System32\Wbem;C:\WINDOWS\System32\WindowsPowerShell\v1.0;C:\Program Files\MATLAB\R2019b\bin;C:\Program Files (x86)\Calibre2;C:\Program Files\Java\jre1.8.0_202\bin;C:\Program Files\MiKTeX 2.9\miktex\bin\x64;C:\Program Files\dotnet;C:\Program Files\Microsoft SQL Server\130\Tools\Binn;C:\Program Files\Microsoft SQL Server\Client SDK\ODBC\170\Tools\Binn;C:\Program Files (x86)\Microsoft SQL Server\110\DTS\Binn;C:\Program Files (x86)\Microsoft SQL Server\120\DTS\Binn;C:\Program Files (x86)\Microsoft SQL Server\130\DTS\Binn;C:\Users\jorge\AppData\Local\Continuum\anaconda3;C:\Users\jorge\AppData\Local\Continuum\anaconda3\Scripts;C:\Users\jorge\AppData\Local\Continuum\anaconda3\Library;C:\Users\jorge\AppData\Local\Continuum\anaconda3\Library\bin;C:\Users\jorge\AppData\Local\Continuum\anaconda3\Library\mingw-w64\bin;C:\MinGW\bin;C:\Program Files\Microchip\xc32\v2.50\bin;C:\ProgramData\chocolatey\bin;C:\ProgramData\chocolatey\lib\maven\apache-maven-3.6.3\bin;C:\Program Files\Git\cmd;C:\Program Files\PuTTY;C:\Users\jorge\AppData\Local\Microsoft\WindowsApps;C:\Users\jorge\AppData\Local\GitHubDesktop\bin;C:\altera\13.0sp1\modelsim_ase\win32aloem;C:\Users\jorge\Downloads;C:\Users\jorge\AppData\Local\Programs\Microsoft VS Code\bin;C:\Users\jorge\AppData\Local\Microsoft\WindowsApps;C:\Program Files\Elastic\Beats\7.10.0;C:\Program Files\JetBrains\PyCharm 2020.3.1\bin;C:\Users\jorge\flutter\bin
USERNAME=jorge
OS=Windows_NT
PROCESSOR_IDENTIFIER=Intel64 Family 6 Model 142 Stepping 12, GenuineIntel



---------------  S Y S T E M  ---------------

OS: Windows 10.0 , 64 bit Build 19041 (10.0.19041.804)

CPU:total 8 (initial active 8) (4 cores per cpu, 2 threads per core) family 6 model 142 stepping 12, cmov, cx8, fxsr, mmx, sse, sse2, sse3, ssse3, sse4.1, sse4.2, popcnt, avx, avx2, aes, clmul, erms, 3dnowpref, lzcnt, ht, tsc, tscinvbit, bmi1, bmi2, adx

Memory: 4k page, physical 16554732k(8341912k free), swap 19045100k(8351812k free)

vm_info: Java HotSpot(TM) 64-Bit Server VM (25.202-b08) for windows-amd64 JRE (1.8.0_202-b08), built on Dec 15 2018 19:54:30 by "java_re" with MS VC++ 10.0 (VS2010)

time: Wed Apr 07 12:30:46 2021
timezone: Romance Daylight Time
elapsed time: 9148 seconds (0d 2h 32m 28s)

